#
# A fatal error has been detected by the Java Runtime Environment:
#
#  Internal Error (jvmciRuntime.cpp:1609), pid=29, tid=43
#  fatal error: Fatal exception in JVMCI: Error calling jdk.vm.ci.services.Services.serializeSavedProperties
#
# JRE version: OpenJDK Runtime Environment GraalVM CE 22.3.0 (17.0.5+8) (build 17.0.5+8-jvmci-22.3-b08)
# Java VM: OpenJDK 64-Bit Server VM GraalVM CE 22.3.0 (17.0.5+8-jvmci-22.3-b08, mixed mode, sharing, tiered, jvmci, jvmci compiler, compressed oops, compressed class ptrs, parallel gc, linux-amd64)
# Problematic frame:
# V  [libjvm.so+0x972714]  JVMCIRuntime::fatal_exception(JVMCIEnv*, char const*)+0x74
#
# Core dump will be written. Default location: Core dumps may be processed with "/usr/share/apport/apport -p%p -s%s -c%c -d%d -P%P -u%u -g%g -- %E" (or dumping to /home/runner/testjsoup/core.29)
#
# If you would like to submit a bug report, please visit:
#   https://github.com/oracle/graal/issues
#

---------------  S U M M A R Y ------------

Command Line: -XX:ThreadPriorityPolicy=1 -XX:+UnlockExperimentalVMOptions -XX:+EnableJVMCIProduct -XX:JVMCIThreadsPerNativeLibraryRuntime=1 -XX:-UnlockExperimentalVMOptions -Declipse.application=org.eclipse.jdt.ls.core.id1 -Dosgi.bundles.defaultStartLevel=4 -Declipse.product=org.eclipse.jdt.ls.core.product -Dlog.level=ALL -Xverify:none -XX:+UseParallelGC -XX:GCTimeRatio=4 -XX:AdaptiveSizePolicyWeight=90 -Dsun.zip.disableMemoryMapping=true -Xmx512m -Xms100m /nix/store/m6gcpi1ii6rghy04cjwjddcavv7i90df-jdt-language-server-1.9.0/share/java/plugins/org.eclipse.equinox.launcher_1.6.400.v20210924-0641.jar --add-modules=ALL-SYSTEM --add-opens java.base/java.util=ALL-UNNAMED --add-opens java.base/java.lang=ALL-UNNAMED -configuration /home/runner/.cache/jdt-language-server/config -data /home/runner/.cache/jdt-language-server/data/home/runner/testjsoup

Host: AMD EPYC 7B12, 8 cores, 1G, Ubuntu 20.04.2 LTS
Time: Thu Apr  6 14:03:07 2023 UTC elapsed time: 2277.287293 seconds (0d 0h 37m 57s)

---------------  T H R E A D  ---------------

Current thread (0x00007fc96c0b21d0):  JavaThread "JVMCI-native CompilerThread0" daemon [_thread_in_vm, id=43, stack(0x00007fc952a00000,0x00007fc952c00000)]


Current CompileTask:
JVMCI-native:2277287 9134       4       java.util.Arrays$ArrayList::indexOf (62 bytes)

Stack: [0x00007fc952a00000,0x00007fc952c00000],  sp=0x00007fc952bfe380,  free space=2040k
Native frames: (J=compiled Java code, j=interpreted, Vv=VM code, C=native code)
V  [libjvm.so+0x972714]  JVMCIRuntime::fatal_exception(JVMCIEnv*, char const*)+0x74
V  [libjvm.so+0x93e2fe]  JVMCIEnv::copy_saved_properties()+0x14e
V  [libjvm.so+0x9732a9]  JVMCIRuntime::initialize(JVMCIEnv*)+0xb19
V  [libjvm.so+0x9738a2]  JVMCIRuntime::get_HotSpotJVMCIRuntime(JVMCIEnv*)+0x12
V  [libjvm.so+0x9749f2]  JVMCIRuntime::compile_method(JVMCIEnv*, JVMCICompiler*, methodHandle const&, int)+0xd2
V  [libjvm.so+0x5b0d20]  CompileBroker::invoke_compiler_on_method(CompileTask*)+0x1470
V  [libjvm.so+0x5b12e8]  CompileBroker::compiler_thread_loop()+0x528
V  [libjvm.so+0xd82460]  JavaThread::thread_main_inner()+0xd0
V  [libjvm.so+0xd85a40]  Thread::call_run()+0xc0
V  [libjvm.so+0xbdb1e1]  thread_native_entry(Thread*)+0xe1

Register to memory mapping:

RAX=0x00007fc9727b4000 points into unknown readable memory: 0x0000000000000058 | 58 00 00 00 00 00 00 00
RBX=0x00007fc9738af398: <offset 0x0000000000ef5398> in /nix/store/gpxl5qgg8kicmcvivwmybwjlpf7wh20l-graalvm17-ce-22.3.0/lib/server/libjvm.so at 0x00007fc9729ba000
RCX=0x00007fc9738671e8: <offset 0x0000000000ead1e8> in /nix/store/gpxl5qgg8kicmcvivwmybwjlpf7wh20l-graalvm17-ce-22.3.0/lib/server/libjvm.so at 0x00007fc9729ba000
RDX=0x0000000000000649 is an unknown value
RSP=0x00007fc952bfe380 is pointing into the stack for thread: 0x00007fc96c0b21d0
RBP=0x00007fc952bfe3a0 is pointing into the stack for thread: 0x00007fc96c0b21d0
RSI=0x00007fc9738afc48: <offset 0x0000000000ef5c48> in /nix/store/gpxl5qgg8kicmcvivwmybwjlpf7wh20l-graalvm17-ce-22.3.0/lib/server/libjvm.so at 0x00007fc9729ba000
RDI=0x00000000e0000000 is an oop: [B 
{0x00000000e0000000} - klass: {type array byte}
 - length: 10
R8 =0x00007fc9738af398: <offset 0x0000000000ef5398> in /nix/store/gpxl5qgg8kicmcvivwmybwjlpf7wh20l-graalvm17-ce-22.3.0/lib/server/libjvm.so at 0x00007fc9729ba000
R9 =0x00007fc952bfe330 is pointing into the stack for thread: 0x00007fc96c0b21d0
R10=0x00007fc952bff948 is pointing into the stack for thread: 0x00007fc96c0b21d0
R11=0x0000000000000293 is an unknown value
R12=0x0 is NULL
R13=0x00007fc96c0b21d0 is a thread
R14=0x00007fc96c000b80 points into unknown readable memory: 0x00007fc973ae0a38 | 38 0a ae 73 c9 7f 00 00
R15=0x00007fc973beee40: <offset 0x0000000001234e40> in /nix/store/gpxl5qgg8kicmcvivwmybwjlpf7wh20l-graalvm17-ce-22.3.0/lib/server/libjvm.so at 0x00007fc9729ba000


Registers:
RAX=0x00007fc9727b4000, RBX=0x00007fc9738af398, RCX=0x00007fc9738671e8, RDX=0x0000000000000649
RSP=0x00007fc952bfe380, RBP=0x00007fc952bfe3a0, RSI=0x00007fc9738afc48, RDI=0x00000000e0000000
R8 =0x00007fc9738af398, R9 =0x00007fc952bfe330, R10=0x00007fc952bff948, R11=0x0000000000000293
R12=0x0000000000000000, R13=0x00007fc96c0b21d0, R14=0x00007fc96c000b80, R15=0x00007fc973beee40
RIP=0x00007fc97332c714, EFLAGS=0x0000000000010206, CSGSFS=0x002b000000000033, ERR=0x0000000000000006
  TRAPNO=0x000000000000000e

Top of Stack: (sp=0x00007fc952bfe380)
0x00007fc952bfe380:   00007fc952bfe940 00007fc96c0b21d0
0x00007fc952bfe390:   00007fc9711458c8 0000000800c417a0
0x00007fc952bfe3a0:   00007fc952bfe500 00007fc9732f82fe
0x00007fc952bfe3b0:   00007fc952bfe3e0 00007fc952bfe440 

Instructions: (pc=0x00007fc97332c714)
0x00007fc97332c614:   30 e8 f6 cf e8 ff 4c 89 e7 e8 2e 48 d1 ff 84 db
0x00007fc97332c624:   75 2a 4d 85 ed 74 04 4d 8b 6d 00 48 83 c4 08 44
0x00007fc97332c634:   89 f9 4c 89 f2 4c 89 ee 5b 4c 89 e7 41 5c 41 5d
0x00007fc97332c644:   41 5e 41 5f 5d e9 e2 47 d1 ff 66 90 48 83 c4 08
0x00007fc97332c654:   5b 41 5c 41 5d 41 5e 41 5f 5d c3 90 31 d2 be 08
0x00007fc97332c664:   00 00 00 4c 89 ff e8 b1 78 a3 ff 49 89 c5 e9 37
0x00007fc97332c674:   ff ff ff 66 0f 1f 84 00 00 00 00 00 48 8b 7a 08
0x00007fc97332c684:   e9 6d ff ff ff 0f 1f 80 00 00 00 00 e8 5b 48 0a
0x00007fc97332c694:   00 84 c0 75 89 e9 6a ff ff ff 66 90 55 48 89 e5
0x00007fc97332c6a4:   41 56 41 55 41 54 49 89 fc 53 48 89 f3 66 48 8d
0x00007fc97332c6b4:   3d 27 5e 85 00 66 66 48 e8 df 43 8d ff 4c 8b 28
0x00007fc97332c6c4:   8b 05 be 72 8a 00 85 c0 75 14 ba 01 00 00 00 48
0x00007fc97332c6d4:   8d 0d ae 72 8a 00 f0 0f b1 11 85 c0 74 4e be c8
0x00007fc97332c6e4:   00 00 00 4c 89 ef e8 01 0b 41 00 48 8d 05 12 ac
0x00007fc97332c6f4:   85 00 49 89 d8 48 8d 0d e8 aa 53 00 ba 49 06 00
0x00007fc97332c704:   00 48 8d 35 3c 35 58 00 bf 00 00 00 e0 48 8b 00
0x00007fc97332c714:   c6 00 58 31 c0 e8 e2 91 c6 ff 5b 41 5c 41 5d 41
0x00007fc97332c724:   5e 5d e9 55 34 26 00 0f 1f 44 00 00 48 8d 05 81
0x00007fc97332c734:   a3 8b 00 48 89 df 4c 8b 30 e8 9e 43 8d ff 48 89
0x00007fc97332c744:   de 48 89 c2 49 8b 06 4c 89 f7 ff 50 08 4c 89 f7
0x00007fc97332c754:   e8 a7 5c 27 00 4d 85 e4 74 12 be 01 00 00 00 4c
0x00007fc97332c764:   89 e7 e8 35 43 fc ff eb 82 0f 1f 00 be 01 00 00
0x00007fc97332c774:   00 4c 89 ef e8 d3 fd ff ff e9 6d ff ff ff 66 66
0x00007fc97332c784:   2e 0f 1f 84 00 00 00 00 00 0f 1f 00 55 48 89 e5
0x00007fc97332c794:   41 57 41 56 41 55 41 54 53 48 81 ec 08 02 00 00
0x00007fc97332c7a4:   64 48 8b 04 25 28 00 00 00 48 89 45 c8 8b 07 83
0x00007fc97332c7b4:   f8 02 0f 84 11 04 00 00 4c 8b 6f 18 49 89 ff 49
0x00007fc97332c7c4:   89 f4 4d 85 ed 74 14 4c 89 ef e8 5d 57 22 00 41
0x00007fc97332c7d4:   8b 07 83 f8 02 0f 84 19 04 00 00 48 8d 1d 9a 06
0x00007fc97332c7e4:   8a 00 4c 8d 35 0b 3c 58 00 eb 38 90 48 85 d2 7f
0x00007fc97332c7f4:   0d 48 8d 05 b4 c0 85 00 48 83 38 00 7e 0e 41 8b
0x00007fc97332c804:   77 2c 4c 89 f7 31 c0 e8 a0 b2 f7 ff 49 8b 7f 18 


Stack slot to memory mapping:
stack at sp + 0 slots: 0x00007fc952bfe940 is pointing into the stack for thread: 0x00007fc96c0b21d0
stack at sp + 1 slots: 0x00007fc96c0b21d0 is a thread
stack at sp + 2 slots: 0x00007fc9711458c8 points into unknown readable memory: 0x6573001880c9ffff | ff ff c9 80 18 00 73 65
stack at sp + 3 slots: 0x0000000800c417a0 is a pointer to class: 
jdk.vm.ci.services.Services {0x0000000800c417a0}
 - instance size:     2
 - klass size:        65
 - access:            public final synchronized 
 - state:             fully_initialized
 - name:              'jdk/vm/ci/services/Services'
 - super:             'java/lang/Object'
 - sub:               
 - arrays:            NULL
 - methods:           Array<T>(0x00007fc952c431e8)
 - method ordering:   Array<T>(0x0000000800928960)
 - default_methods:   Array<T>(0x0000000000000000)
 - local interfaces:  Array<T>(0x00000008005ce810)
 - trans. interfaces: Array<T>(0x00000008005ce810)
 - constants:         constant pool [427] {0x00007fc952c422c8} for 'jdk/vm/ci/services/Services' cache=0x00007fc952c444b8
 - class loader data:  loader data: 0x00007fc96c0283f0 of 'bootstrap'
 - source file:       'Services.java'
 - class annotations:       Array<T>(0x0000000000000000)
 - class type annotations:  Array<T>(0x0000000000000000)
 - field annotations:       Array<T>(0x0000000000000000)
 - field type annotations:  Array<T>(0x0000000000000000)
 - inner classes:     Array<T>(0x00007fc952c44488)
 - nest members:     Array<T>(0x00007fc952c444a8)
 - permitted subclasses:     Array<T>(0x00000008005ce7a0)
 - java mirror:       a 'java/lang/Class'{0x00000000e0148d60} = 'jdk/vm/ci/services/Services'
 - vtable length      5  (start addr: 0x0000000800c41970)
 - itable length      2 (start addr: 0x0000000800c41998)
 - ---- static fields (3 words):
 - public static final 'IS_BUILDING_NATIVE_IMAGE' 'Z' @128 
 - public static final 'IS_IN_NATIVE_IMAGE' 'Z' @129 
 - private static volatile 'savedProperties' 'Ljava/util/Map;' @112 
 - static final 'JVMCI_ENABLED' 'Z' @130 
 - private static final 'servicesCache' 'Ljava/util/Map;' @116 
 - private static final 'MAX_UNICODE_IN_UTF8_LENGTH' 'I' @120 
 - private static final 'MAX_UTF8_PROPERTY_STRING_LENGTH' 'I' @124 
 - ---- non-static fields (0 words):
 - non-static oop maps: 
stack at sp + 4 slots: 0x00007fc952bfe500 is pointing into the stack for thread: 0x00007fc96c0b21d0
stack at sp + 5 slots: 0x00007fc9732f82fe: <offset 0x000000000093e2fe> in /nix/store/gpxl5qgg8kicmcvivwmybwjlpf7wh20l-graalvm17-ce-22.3.0/lib/server/libjvm.so at 0x00007fc9729ba000
stack at sp + 6 slots: 0x00007fc952bfe3e0 is pointing into the stack for thread: 0x00007fc96c0b21d0
stack at sp + 7 slots: 0x00007fc952bfe440 is pointing into the stack for thread: 0x00007fc96c0b21d0


---------------  P R O C E S S  ---------------

Threads class SMR info:
_java_thread_list=0x00007fc8c0000b70, length=26, elements={
0x00007fc96c026690, 0x00007fc96c0a64d0, 0x00007fc96c0a7910, 0x00007fc96c0ae040,
0x00007fc96c0af3f0, 0x00007fc96c0b07e0, 0x00007fc96c0b21d0, 0x00007fc96c0b36e0,
0x00007fc96c0b4b30, 0x00007fc96c0e04c0, 0x00007fc96c127cd0, 0x00007fc96c332ef0,
0x00007fc96c346cb0, 0x00007fc96c348cf0, 0x00007fc96c615ee0, 0x00007fc90001a710,
0x00007fc9002a0e00, 0x00007fc8f40010d0, 0x00007fc9004a4a90, 0x00007fc90060f510,
0x00007fc96c480e20, 0x00007fc8e8001390, 0x00007fc96c4b07e0, 0x00007fc8dc112150,
0x00007fc8dc115120, 0x00007fc8dc044e00
}

Java Threads: ( => current thread )
  0x00007fc96c026690 JavaThread "main" [_thread_blocked, id=35, stack(0x00007fc9727d5000,0x00007fc9728d5000)]
  0x00007fc96c0a64d0 JavaThread "Reference Handler" daemon [_thread_blocked, id=38, stack(0x00007fc9707ec000,0x00007fc9708ec000)]
  0x00007fc96c0a7910 JavaThread "Finalizer" daemon [_thread_blocked, id=39, stack(0x00007fc9706ec000,0x00007fc9707ec000)]
  0x00007fc96c0ae040 JavaThread "Signal Dispatcher" daemon [_thread_blocked, id=40, stack(0x00007fc970306000,0x00007fc970406000)]
  0x00007fc96c0af3f0 JavaThread "Service Thread" daemon [_thread_blocked, id=41, stack(0x00007fc970206000,0x00007fc970306000)]
  0x00007fc96c0b07e0 JavaThread "Monitor Deflation Thread" daemon [_thread_blocked, id=42, stack(0x00007fc970106000,0x00007fc970206000)]
=>0x00007fc96c0b21d0 JavaThread "JVMCI-native CompilerThread0" daemon [_thread_in_vm, id=43, stack(0x00007fc952a00000,0x00007fc952c00000)]
  0x00007fc96c0b36e0 JavaThread "C1 CompilerThread0" daemon [_thread_blocked, id=44, stack(0x00007fc952800000,0x00007fc952a00000)]
  0x00007fc96c0b4b30 JavaThread "Sweeper thread" daemon [_thread_blocked, id=45, stack(0x00007fc970006000,0x00007fc970106000)]
  0x00007fc96c0e04c0 JavaThread "Common-Cleaner" daemon [_thread_blocked, id=46, stack(0x00007fc952700000,0x00007fc952800000)]
  0x00007fc96c127cd0 JavaThread "Notification Thread" daemon [_thread_blocked, id=49, stack(0x00007fc952600000,0x00007fc952700000)]
  0x00007fc96c332ef0 JavaThread "Active Thread: Equinox Container: eccf4c18-e191-4f86-8cf6-61f9c5976373" [_thread_blocked, id=86, stack(0x00007fc951200000,0x00007fc951300000)]
  0x00007fc96c346cb0 JavaThread "Framework Event Dispatcher: Equinox Container: eccf4c18-e191-4f86-8cf6-61f9c5976373" daemon [_thread_blocked, id=88, stack(0x00007fc951000000,0x00007fc951100000)]
  0x00007fc96c348cf0 JavaThread "Start Level: Equinox Container: eccf4c18-e191-4f86-8cf6-61f9c5976373" daemon [_thread_blocked, id=89, stack(0x00007fc950e00000,0x00007fc950f00000)]
  0x00007fc96c615ee0 JavaThread "Refresh Thread: Equinox Container: eccf4c18-e191-4f86-8cf6-61f9c5976373" daemon [_thread_blocked, id=90, stack(0x00007fc950c00000,0x00007fc950d00000)]
  0x00007fc90001a710 JavaThread "SCR Component Actor" daemon [_thread_blocked, id=99, stack(0x00007fc950a00000,0x00007fc950b00000)]
  0x00007fc9002a0e00 JavaThread "Worker-JM" [_thread_blocked, id=109, stack(0x00007fc950600000,0x00007fc950700000)]
  0x00007fc8f40010d0 JavaThread "Worker-1" [_thread_blocked, id=111, stack(0x00007fc950200000,0x00007fc950300000)]
  0x00007fc9004a4a90 JavaThread "Java indexing" daemon [_thread_blocked, id=112, stack(0x00007fc950000000,0x00007fc950100000)]
  0x00007fc90060f510 JavaThread "Bundle File Closer" daemon [_thread_blocked, id=113, stack(0x00007fc919b00000,0x00007fc919c00000)]
  0x00007fc96c480e20 JavaThread "pool-3-thread-1" [_thread_blocked, id=122, stack(0x00007fc919900000,0x00007fc919a00000)]
  0x00007fc8e8001390 JavaThread "Worker-2" [_thread_blocked, id=123, stack(0x00007fc919700000,0x00007fc919800000)]
  0x00007fc96c4b07e0 JavaThread "pool-2-thread-1" [_thread_blocked, id=124, stack(0x00007fc919500000,0x00007fc919600000)]
  0x00007fc8dc112150 JavaThread "Thread-8" [_thread_blocked, id=589, stack(0x00007fc950800000,0x00007fc950900000)]
  0x00007fc8dc115120 JavaThread "Thread-9" [_thread_blocked, id=590, stack(0x00007fc919600000,0x00007fc919700000)]
  0x00007fc8dc044e00 JavaThread "Thread-10" [_thread_blocked, id=599, stack(0x00007fc950400000,0x00007fc950500000)]

Other Threads:
  0x00007fc96c0a1c10 VMThread "VM Thread" [stack: 0x00007fc9708ee000,0x00007fc9709ee000] [id=37] _threads_hazard_ptr=0x00007fc8c0000b70
  0x00007fc96c129670 WatcherThread [stack: 0x00007fc952500000,0x00007fc952600000] [id=50]
  0x00007fc96c03df30 GCTaskThread "GC Thread#0" [stack: 0x00007fc972398000,0x00007fc972498000] [id=36]

Threads with active compile tasks:
JVMCI-native CompilerThread0  2277359 9134       4       java.util.Arrays$ArrayList::indexOf (62 bytes)

VM state: synchronizing (normal execution)

VM Mutex/Monitor currently owned by a thread:  ([mutex/lock_event])
[0x00007fc96c023840] Threads_lock - owner thread: 0x00007fc96c0a1c10
[0x00007fc96c023ff0] Heap_lock - owner thread: 0x00007fc8dc044e00

OutOfMemory and StackOverflow Exception counts:
OutOfMemoryError java_heap_errors=12
LinkageErrors=65

Heap address: 0x00000000e0000000, size: 512 MB, Compressed Oops mode: 32-bit

CDS archive(s) mapped at: [0x0000000800000000-0x0000000800bc8000-0x0000000800bc8000), size 12353536, SharedBaseAddress: 0x0000000800000000, ArchiveRelocationMode: 0.
Compressed class space mapped at: 0x0000000800c00000-0x0000000840c00000, reserved size: 1073741824
Narrow klass base: 0x0000000800000000, Narrow klass shift: 0, Narrow klass range: 0x100000000

GC Precious Log:
 CPUs: 8 total, 1 available
 Memory: 1024M
 Large Page Support: Disabled
 NUMA Support: Disabled
 Compressed Oops: Enabled (32-bit)
 Alignments: Space 512K, Generation 512K, Heap 2M
 Heap Min Capacity: 100M
 Heap Initial Capacity: 100M
 Heap Max Capacity: 512M
 Pre-touch: Disabled
 Parallel Workers: 1

Heap:
 PSYoungGen      total 53760K, used 31232K [0x00000000f5580000, 0x00000000fa100000, 0x0000000100000000)
  eden space 31232K, 100% used [0x00000000f5580000,0x00000000f7400000,0x00000000f7400000)
  from space 22528K, 0% used [0x00000000f7400000,0x00000000f7400000,0x00000000f8a00000)
  to   space 22528K, 0% used [0x00000000f8a00000,0x00000000f8a00000,0x00000000fa000000)
 ParOldGen       total 349696K, used 349695K [0x00000000e0000000, 0x00000000f5580000, 0x00000000f5580000)
  object space 349696K, 99% used [0x00000000e0000000,0x00000000f557fff8,0x00000000f5580000)
 Metaspace       used 60560K, committed 61440K, reserved 1105920K
  class space    used 5994K, committed 6400K, reserved 1048576K

Card table byte_map: [0x00007fc972498000,0x00007fc972599000] _byte_map_base: 0x00007fc971d98000

Marking Bits: (ParMarkBitMap*) 0x00007fc973be84c0
 Begin Bits: [0x00007fc9712eb000, 0x00007fc971aeb000)
 End Bits:   [0x00007fc971aeb000, 0x00007fc9722eb000)

Polling page: 0x00007fc9727b2000

Metaspace:

Usage:
  Non-class:     53.29 MB used.
      Class:      5.85 MB used.
       Both:     59.14 MB used.

Virtual space:
  Non-class space:       56.00 MB reserved,      53.75 MB ( 96%) committed,  7 nodes.
      Class space:        1.00 GB reserved,       6.25 MB ( <1%) committed,  1 nodes.
             Both:        1.05 GB reserved,      60.00 MB (  6%) committed. 

Chunk freelists:
   Non-Class:  1.69 MB
       Class:  1.78 MB
        Both:  3.47 MB

MaxMetaspaceSize: unlimited
CompressedClassSpaceSize: 1.00 GB
Initial GC threshold: 21.00 MB
Current GC threshold: 99.94 MB
CDS: on
MetaspaceReclaimPolicy: balanced
 - commit_granule_bytes: 65536.
 - commit_granule_words: 8192.
 - virtual_space_node_default_size: 1048576.
 - enlarge_chunks_in_place: 1.
 - new_chunks_are_fully_committed: 0.
 - uncommit_free_chunks: 1.
 - use_allocation_guard: 0.
 - handle_deallocations: 1.


Internal statistics:

num_allocs_failed_limit: 6.
num_arena_births: 500.
num_arena_deaths: 150.
num_vsnodes_births: 8.
num_vsnodes_deaths: 0.
num_space_committed: 959.
num_space_uncommitted: 0.
num_chunks_returned_to_freelist: 212.
num_chunks_taken_from_freelist: 2948.
num_chunk_merges: 84.
num_chunk_splits: 1877.
num_chunks_enlarged: 1157.
num_purges: 20.
num_inconsistent_stats: 0.

CodeHeap 'non-profiled nmethods': size=120036Kb used=2676Kb max_used=2676Kb free=117359Kb
 bounds [0x00007fc95af7a000, 0x00007fc95b21a000, 0x00007fc9624b3000]
CodeHeap 'profiled nmethods': size=120032Kb used=15015Kb max_used=16473Kb free=105016Kb
 bounds [0x00007fc953a42000, 0x00007fc954a62000, 0x00007fc95af7a000]
CodeHeap 'non-nmethods': size=5692Kb used=1412Kb max_used=1414Kb free=4279Kb
 bounds [0x00007fc9534b3000, 0x00007fc953723000, 0x00007fc953a42000]
 total_blobs=7868 nmethods=7111 adapters=632
 compilation: enabled
              stopped_count=0, restarted_count=0
 full_count=0

JVMCI Events (20 events):
Event: 2027.565 Thread 0x00007fc96c0b21d0 destroyed JavaVM[13]@0x00007fc91899e340 for JVMCI runtime 0
Event: 2027.565 Thread 0x00007fc96c0b21d0 compacted oop handles in JVMCI runtime 0 from 53 to 53
Event: 2027.565 Thread 0x00007fc96c0b21d0 releasing handles for JVMCI runtime 0: oop handles=53, metadata handles={total=96, live=81, blocks=40}
Event: 2027.565 Thread 0x00007fc96c0b21d0 detached from JVMCI runtime 0
Event: 2183.714 Thread 0x00007fc96c0b21d0 attached to JVMCI runtime 0
Event: 2183.715 Thread 0x00007fc96c0b21d0 created JavaVM[14]@0x00007fc91899e340 for JVMCI runtime 0
Event: 2183.715 Thread 0x00007fc96c0b21d0 initializing JVMCI runtime 0
Event: 2183.715 Thread 0x00007fc96c0b21d0 done waiting for JavaVM references initialization in JVMCI runtime 0
Event: 2191.967 Thread 0x00007fc96c0b21d0 initialized JVMCI runtime 0
Event: 2201.825 Thread 0x00007fc96c0b21d0 detaching from JVMCI runtime 0: releasing idle compiler thread (0 other threads still attached)
Event: 2201.825 Thread 0x00007fc96c0b21d0 shutting down HotSpotJVMCIRuntime for JVMCI runtime 0
Event: 2201.825 Thread 0x00007fc96c0b21d0 shut down JVMCI runtime 0
Event: 2201.826 Thread 0x00007fc96c0b21d0 destroyed JavaVM[14]@0x00007fc91899e340 for JVMCI runtime 0
Event: 2201.826 Thread 0x00007fc96c0b21d0 compacted oop handles in JVMCI runtime 0 from 43 to 43
Event: 2201.826 Thread 0x00007fc96c0b21d0 releasing handles for JVMCI runtime 0: oop handles=43, metadata handles={total=89, live=78, blocks=40}
Event: 2201.826 Thread 0x00007fc96c0b21d0 detached from JVMCI runtime 0
Event: 2215.959 Thread 0x00007fc96c0b21d0 attached to JVMCI runtime 0
Event: 2215.960 Thread 0x00007fc96c0b21d0 created JavaVM[15]@0x00007fc91899e340 for JVMCI runtime 0
Event: 2217.208 Thread 0x00007fc96c0b21d0 initializing JVMCI runtime 0
Event: 2217.208 Thread 0x00007fc96c0b21d0 done waiting for JavaVM references initialization in JVMCI runtime 0

Compilation events (20 events):
Event: 1949.724 Thread 0x00007fc96c0b21d0 nmethod 9123 0x00007fc95b215890 code [0x00007fc95b215a00, 0x00007fc95b215ab8]
Event: 1959.597 Thread 0x00007fc96c0b36e0 9124       3       org.eclipse.osgi.internal.log.EquinoxLogWriter::writeln (8 bytes)
Event: 1962.385 Thread 0x00007fc96c0b36e0 nmethod 9124 0x00007fc95462c890 code [0x00007fc95462ca80, 0x00007fc95462d010]
Event: 1978.108 Thread 0x00007fc96c0b21d0 9125       4       java.util.ArrayList::remove (76 bytes)
Event: 2026.007 Thread 0x00007fc96c0b21d0 nmethod 9125 0x00007fc95b215c10 code [0x00007fc95b215e60, 0x00007fc95b2166d8]
Event: 2045.225 Thread 0x00007fc96c0b36e0 9126       1       org.eclipse.jdt.ls.core.internal.LanguageServer::getParentProcessId (5 bytes)
Event: 2046.872 Thread 0x00007fc96c0b36e0 nmethod 9126 0x00007fc95b216c10 code [0x00007fc95b216da0, 0x00007fc95b216e70]
Event: 2163.673 Thread 0x00007fc96c0b36e0 9128       3       java.lang.StackTraceElement::toString (322 bytes)
Event: 2170.814 Thread 0x00007fc96c0b36e0 nmethod 9128 0x00007fc954173210 code [0x00007fc954173880, 0x00007fc954176610]
Event: 2170.814 Thread 0x00007fc96c0b36e0 9129       3       java.lang.StackTraceElement::dropClassLoaderName (16 bytes)
Event: 2170.814 Thread 0x00007fc96c0b36e0 nmethod 9129 0x00007fc954330110 code [0x00007fc9543302a0, 0x00007fc954330410]
Event: 2183.714 Thread 0x00007fc96c0b21d0 9130       4       jdk.internal.misc.Unsafe::putIntUnaligned (14 bytes)
Event: 2200.463 Thread 0x00007fc96c0b21d0 nmethod 9130 0x00007fc95b216f10 code [0x00007fc95b217080, 0x00007fc95b2170d0]
Event: 2215.958 Thread 0x00007fc96c0b36e0 9131       3       org.eclipse.core.internal.utils.StringPool::add (59 bytes)
Event: 2215.959 Thread 0x00007fc96c0b21d0 9134       4       java.util.Arrays$ArrayList::indexOf (62 bytes)
Event: 2217.208 Thread 0x00007fc96c0b36e0 nmethod 9131 0x00007fc954933610 code [0x00007fc954933800, 0x00007fc9549341d0]
Event: 2217.208 Thread 0x00007fc96c0b36e0 9133       3       org.eclipse.core.internal.dtree.AbstractDataTreeNode::storeStrings (42 bytes)
Event: 2218.718 Thread 0x00007fc96c0b36e0 nmethod 9133 0x00007fc954529010 code [0x00007fc9545291e0, 0x00007fc9545296b0]
Event: 2218.718 Thread 0x00007fc96c0b36e0 9132       3       org.eclipse.core.internal.dtree.DataTreeNode::storeStrings (28 bytes)
Event: 2218.718 Thread 0x00007fc96c0b36e0 nmethod 9132 0x00007fc9542d6910 code [0x00007fc9542d6ae0, 0x00007fc9542d7370]

GC Heap History (20 events):
Event: 2263.198 GC heap before
{Heap before GC invocations=1582 (full 1501):
 PSYoungGen      total 53760K, used 31232K [0x00000000f5580000, 0x00000000fa100000, 0x0000000100000000)
  eden space 31232K, 100% used [0x00000000f5580000,0x00000000f7400000,0x00000000f7400000)
  from space 22528K, 0% used [0x00000000f7400000,0x00000000f7400000,0x00000000f8a00000)
  to   space 22528K, 0% used [0x00000000f8a00000,0x00000000f8a00000,0x00000000fa000000)
 ParOldGen       total 349696K, used 349695K [0x00000000e0000000, 0x00000000f5580000, 0x00000000f5580000)
  object space 349696K, 99% used [0x00000000e0000000,0x00000000f557fff8,0x00000000f5580000)
 Metaspace       used 60559K, committed 61440K, reserved 1105920K
  class space    used 5994K, committed 6400K, reserved 1048576K
}
Event: 2264.690 GC heap after
{Heap after GC invocations=1582 (full 1501):
 PSYoungGen      total 53760K, used 31231K [0x00000000f5580000, 0x00000000fa100000, 0x0000000100000000)
  eden space 31232K, 99% used [0x00000000f5580000,0x00000000f73fffe0,0x00000000f7400000)
  from space 22528K, 0% used [0x00000000f8a00000,0x00000000f8a00000,0x00000000fa000000)
  to   space 22528K, 0% used [0x00000000f7400000,0x00000000f7400000,0x00000000f8a00000)
 ParOldGen       total 349696K, used 349695K [0x00000000e0000000, 0x00000000f5580000, 0x00000000f5580000)
  object space 349696K, 99% used [0x00000000e0000000,0x00000000f557fff8,0x00000000f5580000)
 Metaspace       used 60559K, committed 61440K, reserved 1105920K
  class space    used 5994K, committed 6400K, reserved 1048576K
}
Event: 2264.690 GC heap before
{Heap before GC invocations=1583 (full 1502):
 PSYoungGen      total 53760K, used 31231K [0x00000000f5580000, 0x00000000fa100000, 0x0000000100000000)
  eden space 31232K, 99% used [0x00000000f5580000,0x00000000f73ffff8,0x00000000f7400000)
  from space 22528K, 0% used [0x00000000f8a00000,0x00000000f8a00000,0x00000000fa000000)
  to   space 22528K, 0% used [0x00000000f7400000,0x00000000f7400000,0x00000000f8a00000)
 ParOldGen       total 349696K, used 349695K [0x00000000e0000000, 0x00000000f5580000, 0x00000000f5580000)
  object space 349696K, 99% used [0x00000000e0000000,0x00000000f557fff8,0x00000000f5580000)
 Metaspace       used 60559K, committed 61440K, reserved 1105920K
  class space    used 5994K, committed 6400K, reserved 1048576K
}
Event: 2266.087 GC heap after
{Heap after GC invocations=1583 (full 1502):
 PSYoungGen      total 53760K, used 31231K [0x00000000f5580000, 0x00000000fa100000, 0x0000000100000000)
  eden space 31232K, 99% used [0x00000000f5580000,0x00000000f73ffff8,0x00000000f7400000)
  from space 22528K, 0% used [0x00000000f7400000,0x00000000f7400000,0x00000000f8a00000)
  to   space 22528K, 0% used [0x00000000f8a00000,0x00000000f8a00000,0x00000000fa000000)
 ParOldGen       total 349696K, used 349695K [0x00000000e0000000, 0x00000000f5580000, 0x00000000f5580000)
  object space 349696K, 99% used [0x00000000e0000000,0x00000000f557fff8,0x00000000f5580000)
 Metaspace       used 60559K, committed 61440K, reserved 1105920K
  class space    used 5994K, committed 6400K, reserved 1048576K
}
Event: 2266.087 GC heap before
{Heap before GC invocations=1584 (full 1503):
 PSYoungGen      total 53760K, used 31231K [0x00000000f5580000, 0x00000000fa100000, 0x0000000100000000)
  eden space 31232K, 99% used [0x00000000f5580000,0x00000000f73ffff8,0x00000000f7400000)
  from space 22528K, 0% used [0x00000000f7400000,0x00000000f7400000,0x00000000f8a00000)
  to   space 22528K, 0% used [0x00000000f8a00000,0x00000000f8a00000,0x00000000fa000000)
 ParOldGen       total 349696K, used 349695K [0x00000000e0000000, 0x00000000f5580000, 0x00000000f5580000)
  object space 349696K, 99% used [0x00000000e0000000,0x00000000f557fff8,0x00000000f5580000)
 Metaspace       used 60559K, committed 61440K, reserved 1105920K
  class space    used 5994K, committed 6400K, reserved 1048576K
}
Event: 2267.463 GC heap after
{Heap after GC invocations=1584 (full 1503):
 PSYoungGen      total 53760K, used 31231K [0x00000000f5580000, 0x00000000fa100000, 0x0000000100000000)
  eden space 31232K, 99% used [0x00000000f5580000,0x00000000f73ffff8,0x00000000f7400000)
  from space 22528K, 0% used [0x00000000f8a00000,0x00000000f8a00000,0x00000000fa000000)
  to   space 22528K, 0% used [0x00000000f7400000,0x00000000f7400000,0x00000000f8a00000)
 ParOldGen       total 349696K, used 349695K [0x00000000e0000000, 0x00000000f5580000, 0x00000000f5580000)
  object space 349696K, 99% used [0x00000000e0000000,0x00000000f557fff8,0x00000000f5580000)
 Metaspace       used 60559K, committed 61440K, reserved 1105920K
  class space    used 5994K, committed 6400K, reserved 1048576K
}
Event: 2267.463 GC heap before
{Heap before GC invocations=1585 (full 1504):
 PSYoungGen      total 53760K, used 31231K [0x00000000f5580000, 0x00000000fa100000, 0x0000000100000000)
  eden space 31232K, 99% used [0x00000000f5580000,0x00000000f73ffff8,0x00000000f7400000)
  from space 22528K, 0% used [0x00000000f8a00000,0x00000000f8a00000,0x00000000fa000000)
  to   space 22528K, 0% used [0x00000000f7400000,0x00000000f7400000,0x00000000f8a00000)
 ParOldGen       total 349696K, used 349695K [0x00000000e0000000, 0x00000000f5580000, 0x00000000f5580000)
  object space 349696K, 99% used [0x00000000e0000000,0x00000000f557fff8,0x00000000f5580000)
 Metaspace       used 60559K, committed 61440K, reserved 1105920K
  class space    used 5994K, committed 6400K, reserved 1048576K
}
Event: 2268.881 GC heap after
{Heap after GC invocations=1585 (full 1504):
 PSYoungGen      total 53760K, used 31231K [0x00000000f5580000, 0x00000000fa100000, 0x0000000100000000)
  eden space 31232K, 99% used [0x00000000f5580000,0x00000000f73ffff8,0x00000000f7400000)
  from space 22528K, 0% used [0x00000000f7400000,0x00000000f7400000,0x00000000f8a00000)
  to   space 22528K, 0% used [0x00000000f8a00000,0x00000000f8a00000,0x00000000fa000000)
 ParOldGen       total 349696K, used 349695K [0x00000000e0000000, 0x00000000f5580000, 0x00000000f5580000)
  object space 349696K, 99% used [0x00000000e0000000,0x00000000f557fff8,0x00000000f5580000)
 Metaspace       used 60559K, committed 61440K, reserved 1105920K
  class space    used 5994K, committed 6400K, reserved 1048576K
}
Event: 2268.881 GC heap before
{Heap before GC invocations=1586 (full 1505):
 PSYoungGen      total 53760K, used 31231K [0x00000000f5580000, 0x00000000fa100000, 0x0000000100000000)
  eden space 31232K, 99% used [0x00000000f5580000,0x00000000f73ffff8,0x00000000f7400000)
  from space 22528K, 0% used [0x00000000f7400000,0x00000000f7400000,0x00000000f8a00000)
  to   space 22528K, 0% used [0x00000000f8a00000,0x00000000f8a00000,0x00000000fa000000)
 ParOldGen       total 349696K, used 349695K [0x00000000e0000000, 0x00000000f5580000, 0x00000000f5580000)
  object space 349696K, 99% used [0x00000000e0000000,0x00000000f557fff8,0x00000000f5580000)
 Metaspace       used 60559K, committed 61440K, reserved 1105920K
  class space    used 5994K, committed 6400K, reserved 1048576K
}
Event: 2270.165 GC heap after
{Heap after GC invocations=1586 (full 1505):
 PSYoungGen      total 53760K, used 31231K [0x00000000f5580000, 0x00000000fa100000, 0x0000000100000000)
  eden space 31232K, 99% used [0x00000000f5580000,0x00000000f73ffff8,0x00000000f7400000)
  from space 22528K, 0% used [0x00000000f8a00000,0x00000000f8a00000,0x00000000fa000000)
  to   space 22528K, 0% used [0x00000000f7400000,0x00000000f7400000,0x00000000f8a00000)
 ParOldGen       total 349696K, used 349695K [0x00000000e0000000, 0x00000000f5580000, 0x00000000f5580000)
  object space 349696K, 99% used [0x00000000e0000000,0x00000000f557fff8,0x00000000f5580000)
 Metaspace       used 60559K, committed 61440K, reserved 1105920K
  class space    used 5994K, committed 6400K, reserved 1048576K
}
Event: 2270.166 GC heap before
{Heap before GC invocations=1587 (full 1506):
 PSYoungGen      total 53760K, used 31231K [0x00000000f5580000, 0x00000000fa100000, 0x0000000100000000)
  eden space 31232K, 99% used [0x00000000f5580000,0x00000000f73ffff8,0x00000000f7400000)
  from space 22528K, 0% used [0x00000000f8a00000,0x00000000f8a00000,0x00000000fa000000)
  to   space 22528K, 0% used [0x00000000f7400000,0x00000000f7400000,0x00000000f8a00000)
 ParOldGen       total 349696K, used 349695K [0x00000000e0000000, 0x00000000f5580000, 0x00000000f5580000)
  object space 349696K, 99% used [0x00000000e0000000,0x00000000f557fff8,0x00000000f5580000)
 Metaspace       used 60559K, committed 61440K, reserved 1105920K
  class space    used 5994K, committed 6400K, reserved 1048576K
}
Event: 2271.598 GC heap after
{Heap after GC invocations=1587 (full 1506):
 PSYoungGen      total 53760K, used 31231K [0x00000000f5580000, 0x00000000fa100000, 0x0000000100000000)
  eden space 31232K, 99% used [0x00000000f5580000,0x00000000f73fffd8,0x00000000f7400000)
  from space 22528K, 0% used [0x00000000f7400000,0x00000000f7400000,0x00000000f8a00000)
  to   space 22528K, 0% used [0x00000000f8a00000,0x00000000f8a00000,0x00000000fa000000)
 ParOldGen       total 349696K, used 349695K [0x00000000e0000000, 0x00000000f5580000, 0x00000000f5580000)
  object space 349696K, 99% used [0x00000000e0000000,0x00000000f557fff8,0x00000000f5580000)
 Metaspace       used 60559K, committed 61440K, reserved 1105920K
  class space    used 5994K, committed 6400K, reserved 1048576K
}
Event: 2271.600 GC heap before
{Heap before GC invocations=1588 (full 1507):
 PSYoungGen      total 53760K, used 31231K [0x00000000f5580000, 0x00000000fa100000, 0x0000000100000000)
  eden space 31232K, 99% used [0x00000000f5580000,0x00000000f73ffff0,0x00000000f7400000)
  from space 22528K, 0% used [0x00000000f7400000,0x00000000f7400000,0x00000000f8a00000)
  to   space 22528K, 0% used [0x00000000f8a00000,0x00000000f8a00000,0x00000000fa000000)
 ParOldGen       total 349696K, used 349695K [0x00000000e0000000, 0x00000000f5580000, 0x00000000f5580000)
  object space 349696K, 99% used [0x00000000e0000000,0x00000000f557fff8,0x00000000f5580000)
 Metaspace       used 60559K, committed 61440K, reserved 1105920K
  class space    used 5994K, committed 6400K, reserved 1048576K
}
Event: 2272.988 GC heap after
{Heap after GC invocations=1588 (full 1507):
 PSYoungGen      total 53760K, used 31231K [0x00000000f5580000, 0x00000000fa100000, 0x0000000100000000)
  eden space 31232K, 99% used [0x00000000f5580000,0x00000000f73ffff0,0x00000000f7400000)
  from space 22528K, 0% used [0x00000000f8a00000,0x00000000f8a00000,0x00000000fa000000)
  to   space 22528K, 0% used [0x00000000f7400000,0x00000000f7400000,0x00000000f8a00000)
 ParOldGen       total 349696K, used 349695K [0x00000000e0000000, 0x00000000f5580000, 0x00000000f5580000)
  object space 349696K, 99% used [0x00000000e0000000,0x00000000f557fff8,0x00000000f5580000)
 Metaspace       used 60559K, committed 61440K, reserved 1105920K
  class space    used 5994K, committed 6400K, reserved 1048576K
}
Event: 2272.988 GC heap before
{Heap before GC invocations=1589 (full 1508):
 PSYoungGen      total 53760K, used 31231K [0x00000000f5580000, 0x00000000fa100000, 0x0000000100000000)
  eden space 31232K, 99% used [0x00000000f5580000,0x00000000f73ffff0,0x00000000f7400000)
  from space 22528K, 0% used [0x00000000f8a00000,0x00000000f8a00000,0x00000000fa000000)
  to   space 22528K, 0% used [0x00000000f7400000,0x00000000f7400000,0x00000000f8a00000)
 ParOldGen       total 349696K, used 349695K [0x00000000e0000000, 0x00000000f5580000, 0x00000000f5580000)
  object space 349696K, 99% used [0x00000000e0000000,0x00000000f557fff8,0x00000000f5580000)
 Metaspace       used 60559K, committed 61440K, reserved 1105920K
  class space    used 5994K, committed 6400K, reserved 1048576K
}
Event: 2274.405 GC heap after
{Heap after GC invocations=1589 (full 1508):
 PSYoungGen      total 53760K, used 31231K [0x00000000f5580000, 0x00000000fa100000, 0x0000000100000000)
  eden space 31232K, 99% used [0x00000000f5580000,0x00000000f73ffff0,0x00000000f7400000)
  from space 22528K, 0% used [0x00000000f7400000,0x00000000f7400000,0x00000000f8a00000)
  to   space 22528K, 0% used [0x00000000f8a00000,0x00000000f8a00000,0x00000000fa000000)
 ParOldGen       total 349696K, used 349695K [0x00000000e0000000, 0x00000000f5580000, 0x00000000f5580000)
  object space 349696K, 99% used [0x00000000e0000000,0x00000000f557fff8,0x00000000f5580000)
 Metaspace       used 60559K, committed 61440K, reserved 1105920K
  class space    used 5994K, committed 6400K, reserved 1048576K
}
Event: 2274.405 GC heap before
{Heap before GC invocations=1590 (full 1509):
 PSYoungGen      total 53760K, used 31232K [0x00000000f5580000, 0x00000000fa100000, 0x0000000100000000)
  eden space 31232K, 100% used [0x00000000f5580000,0x00000000f7400000,0x00000000f7400000)
  from space 22528K, 0% used [0x00000000f7400000,0x00000000f7400000,0x00000000f8a00000)
  to   space 22528K, 0% used [0x00000000f8a00000,0x00000000f8a00000,0x00000000fa000000)
 ParOldGen       total 349696K, used 349695K [0x00000000e0000000, 0x00000000f5580000, 0x00000000f5580000)
  object space 349696K, 99% used [0x00000000e0000000,0x00000000f557fff8,0x00000000f5580000)
 Metaspace       used 60559K, committed 61440K, reserved 1105920K
  class space    used 5994K, committed 6400K, reserved 1048576K
}
Event: 2275.882 GC heap after
{Heap after GC invocations=1590 (full 1509):
 PSYoungGen      total 53760K, used 31232K [0x00000000f5580000, 0x00000000fa100000, 0x0000000100000000)
  eden space 31232K, 100% used [0x00000000f5580000,0x00000000f7400000,0x00000000f7400000)
  from space 22528K, 0% used [0x00000000f8a00000,0x00000000f8a00000,0x00000000fa000000)
  to   space 22528K, 0% used [0x00000000f7400000,0x00000000f7400000,0x00000000f8a00000)
 ParOldGen       total 349696K, used 349695K [0x00000000e0000000, 0x00000000f5580000, 0x00000000f5580000)
  object space 349696K, 99% used [0x00000000e0000000,0x00000000f557fff8,0x00000000f5580000)
 Metaspace       used 60559K, committed 61440K, reserved 1105920K
  class space    used 5994K, committed 6400K, reserved 1048576K
}
Event: 2275.882 GC heap before
{Heap before GC invocations=1591 (full 1510):
 PSYoungGen      total 53760K, used 31232K [0x00000000f5580000, 0x00000000fa100000, 0x0000000100000000)
  eden space 31232K, 100% used [0x00000000f5580000,0x00000000f7400000,0x00000000f7400000)
  from space 22528K, 0% used [0x00000000f8a00000,0x00000000f8a00000,0x00000000fa000000)
  to   space 22528K, 0% used [0x00000000f7400000,0x00000000f7400000,0x00000000f8a00000)
 ParOldGen       total 349696K, used 349695K [0x00000000e0000000, 0x00000000f5580000, 0x00000000f5580000)
  object space 349696K, 99% used [0x00000000e0000000,0x00000000f557fff8,0x00000000f5580000)
 Metaspace       used 60559K, committed 61440K, reserved 1105920K
  class space    used 5994K, committed 6400K, reserved 1048576K
}
Event: 2277.281 GC heap after
{Heap after GC invocations=1591 (full 1510):
 PSYoungGen      total 53760K, used 31232K [0x00000000f5580000, 0x00000000fa100000, 0x0000000100000000)
  eden space 31232K, 100% used [0x00000000f5580000,0x00000000f7400000,0x00000000f7400000)
  from space 22528K, 0% used [0x00000000f7400000,0x00000000f7400000,0x00000000f8a00000)
  to   space 22528K, 0% used [0x00000000f8a00000,0x00000000f8a00000,0x00000000fa000000)
 ParOldGen       total 349696K, used 349695K [0x00000000e0000000, 0x00000000f5580000, 0x00000000f5580000)
  object space 349696K, 99% used [0x00000000e0000000,0x00000000f557fff8,0x00000000f5580000)
 Metaspace       used 60559K, committed 61440K, reserved 1105920K
  class space    used 5994K, committed 6400K, reserved 1048576K
}

Dll operation events (9 events):
Event: 0.003 Loaded shared library /nix/store/gpxl5qgg8kicmcvivwmybwjlpf7wh20l-graalvm17-ce-22.3.0/lib/libjava.so
Event: 0.009 Loaded shared library /nix/store/gpxl5qgg8kicmcvivwmybwjlpf7wh20l-graalvm17-ce-22.3.0/lib/libjsvml.so
Event: 0.297 Loaded shared library /nix/store/gpxl5qgg8kicmcvivwmybwjlpf7wh20l-graalvm17-ce-22.3.0/lib/libnio.so
Event: 0.302 Loaded shared library /nix/store/gpxl5qgg8kicmcvivwmybwjlpf7wh20l-graalvm17-ce-22.3.0/lib/libzip.so
Event: 0.305 Loaded shared library /nix/store/gpxl5qgg8kicmcvivwmybwjlpf7wh20l-graalvm17-ce-22.3.0/lib/libjvmcicompiler.so
Event: 1.286 Loaded shared library /nix/store/gpxl5qgg8kicmcvivwmybwjlpf7wh20l-graalvm17-ce-22.3.0/lib/libjimage.so
Event: 2.166 Loaded shared library /nix/store/gpxl5qgg8kicmcvivwmybwjlpf7wh20l-graalvm17-ce-22.3.0/lib/libnet.so
Event: 7.127 Loaded shared library /home/runner/.cache/jdt-language-server/config/org.eclipse.equinox.launcher/org.eclipse.equinox.launcher.gtk.linux.x86_64_1.2.400.v20211117-0650/eclipse_11600.so
Event: 18.019 Loaded shared library /nix/store/gpxl5qgg8kicmcvivwmybwjlpf7wh20l-graalvm17-ce-22.3.0/lib/libextnet.so

Deoptimization events (20 events):
Event: 2237.887 Thread 0x00007fc96c0b21d0 DEOPT PACKING pc=0x00007fc95b20b634 sp=0x00007fc952bfdfb0
Event: 2237.887 Thread 0x00007fc96c0b21d0 DEOPT UNPACKING pc=0x00007fc953505325 sp=0x00007fc952bfd478 mode 3
Event: 2253.265 Thread 0x00007fc96c4b07e0 Uncommon trap: trap_request=0xffffff8f fr.pc=0x00007fc95afb0719 relative=0x00000000000002f9
Event: 2253.265 Thread 0x00007fc96c4b07e0 Uncommon trap: reason=constraint action=none pc=0x00007fc95afb0719 method=java.lang.String.substring(II)Ljava/lang/String; @ 22 jvmci
Event: 2253.265 Thread 0x00007fc96c4b07e0 DEOPT PACKING pc=0x00007fc95afb0719 sp=0x00007fc9195fd600
Event: 2253.265 Thread 0x00007fc96c4b07e0 DEOPT UNPACKING pc=0x00007fc953505325 sp=0x00007fc9195fca80 mode 3
Event: 2257.569 Thread 0x00007fc9004a4a90 Uncommon trap: trap_request=0xffffff8f fr.pc=0x00007fc95b1dbe22 relative=0x00000000000011e2
Event: 2257.569 Thread 0x00007fc9004a4a90 Uncommon trap: reason=constraint action=none pc=0x00007fc95b1dbe22 method=org.eclipse.jdt.internal.core.index.DiskIndex.copyQueryResults(Lorg/eclipse/jdt/internal/compiler/util/HashtableOfObject;I)V @ 123 jvmci
Event: 2257.569 Thread 0x00007fc9004a4a90 DEOPT PACKING pc=0x00007fc95b1dbe22 sp=0x00007fc9500fe530
Event: 2257.569 Thread 0x00007fc9004a4a90 DEOPT UNPACKING pc=0x00007fc953505325 sp=0x00007fc9500fda28 mode 3
Event: 2267.463 Thread 0x00007fc8dc044e00 Uncommon trap: trap_request=0xffffff8f fr.pc=0x00007fc95b14728e relative=0x000000000000026e
Event: 2267.463 Thread 0x00007fc8dc044e00 Uncommon trap: reason=constraint action=none pc=0x00007fc95b14728e method=java.lang.invoke.DirectMethodHandle$Holder.newInvokeSpecial(Ljava/lang/Object;Ljava/lang/Object;)Ljava/lang/Object; @ 0 jvmci
Event: 2270.165 Thread 0x00007fc8dc044e00 DEOPT PACKING pc=0x00007fc95b14728e sp=0x00007fc9504fc500
Event: 2270.165 Thread 0x00007fc8dc044e00 DEOPT UNPACKING pc=0x00007fc953505325 sp=0x00007fc9504fb988 mode 3
Event: 2270.166 Thread 0x00007fc96c4b07e0 Uncommon trap: trap_request=0xffffff8f fr.pc=0x00007fc95af91b14 relative=0x0000000000000274
Event: 2270.166 Thread 0x00007fc96c4b07e0 Uncommon trap: reason=constraint action=none pc=0x00007fc95af91b14 method=java.lang.StringLatin1.newString([BII)Ljava/lang/String; @ 0 jvmci
Event: 2270.166 Thread 0x00007fc96c4b07e0 DEOPT PACKING pc=0x00007fc95af91b14 sp=0x00007fc9195fd560
Event: 2270.166 Thread 0x00007fc96c4b07e0 DEOPT UNPACKING pc=0x00007fc953505325 sp=0x00007fc9195fca08 mode 3
Event: 2277.281 Thread 0x00007fc96c0b21d0 DEOPT PACKING pc=0x00007fc95b212fe0 sp=0x00007fc952bfe030
Event: 2277.281 Thread 0x00007fc96c0b21d0 DEOPT UNPACKING pc=0x00007fc953505325 sp=0x00007fc952bfd4d8 mode 1

Classes unloaded (20 events):
Event: 185.267 Thread 0x00007fc96c0a1c10 Unloading class 0x0000000801130800 'jdk/internal/reflect/GeneratedSerializationConstructorAccessor16'
Event: 185.267 Thread 0x00007fc96c0a1c10 Unloading class 0x0000000801130400 'jdk/internal/reflect/GeneratedSerializationConstructorAccessor15'
Event: 185.267 Thread 0x00007fc96c0a1c10 Unloading class 0x0000000801128c00 'jdk/internal/reflect/GeneratedConstructorAccessor38'
Event: 185.267 Thread 0x00007fc96c0a1c10 Unloading class 0x0000000801128400 'jdk/internal/reflect/GeneratedSerializationConstructorAccessor14'
Event: 185.267 Thread 0x00007fc96c0a1c10 Unloading class 0x0000000801128000 'jdk/internal/reflect/GeneratedSerializationConstructorAccessor13'
Event: 185.267 Thread 0x00007fc96c0a1c10 Unloading class 0x0000000801125c00 'jdk/internal/reflect/GeneratedSerializationConstructorAccessor12'
Event: 185.267 Thread 0x00007fc96c0a1c10 Unloading class 0x0000000801125800 'jdk/internal/reflect/GeneratedMethodAccessor12'
Event: 185.267 Thread 0x00007fc96c0a1c10 Unloading class 0x0000000801125000 'jdk/internal/reflect/GeneratedSerializationConstructorAccessor11'
Event: 185.267 Thread 0x00007fc96c0a1c10 Unloading class 0x0000000801124c00 'jdk/internal/reflect/GeneratedSerializationConstructorAccessor10'
Event: 185.267 Thread 0x00007fc96c0a1c10 Unloading class 0x0000000801124800 'jdk/internal/reflect/GeneratedSerializationConstructorAccessor9'
Event: 185.267 Thread 0x00007fc96c0a1c10 Unloading class 0x0000000801124400 'jdk/internal/reflect/GeneratedSerializationConstructorAccessor8'
Event: 185.267 Thread 0x00007fc96c0a1c10 Unloading class 0x0000000801092400 'jdk/internal/reflect/GeneratedSerializationConstructorAccessor2'
Event: 185.267 Thread 0x00007fc96c0a1c10 Unloading class 0x0000000801092000 'jdk/internal/reflect/GeneratedSerializationConstructorAccessor1'
Event: 192.393 Thread 0x00007fc96c0a1c10 Unloading class 0x00000008010ecc00 'jdk/internal/reflect/GeneratedMethodAccessor10'
Event: 192.393 Thread 0x00007fc96c0a1c10 Unloading class 0x00000008010ec800 'jdk/internal/reflect/GeneratedMethodAccessor9'
Event: 192.393 Thread 0x00007fc96c0a1c10 Unloading class 0x00000008010ec400 'jdk/internal/reflect/GeneratedMethodAccessor8'
Event: 192.393 Thread 0x00007fc96c0a1c10 Unloading class 0x00000008010ec000 'jdk/internal/reflect/GeneratedMethodAccessor7'
Event: 201.690 Thread 0x00007fc96c0a1c10 Unloading class 0x0000000801125400 'jdk/internal/reflect/GeneratedMethodAccessor11'
Event: 330.590 Thread 0x00007fc96c0a1c10 Unloading class 0x0000000801124000 'jdk/internal/reflect/GeneratedConstructorAccessor37'
Event: 500.665 Thread 0x00007fc96c0a1c10 Unloading class 0x0000000801224400 'jdk/internal/reflect/GeneratedConstructorAccessor40'

Classes redefined (0 events):
No events

Internal exceptions (20 events):
Event: 1879.743 Thread 0x00007fc8dc044e00 Implicit null exception at 0x00007fc95b19a313 to 0x00007fc95b19a5b7
Event: 1886.522 Thread 0x00007fc9004a4a90 Exception <a 'java/lang/OutOfMemoryError'{0x00000000e0004578}> (0x00000000e0004578) 
thrown [src/hotspot/share/gc/shared/memAllocator.cpp, line 138]
Event: 1886.522 Thread 0x00007fc9004a4a90 Implicit null exception at 0x00007fc95b1db873 to 0x00007fc95b1dbe07
Event: 2210.188 Thread 0x00007fc8dc115120 Exception <a 'java/lang/OutOfMemoryError'{0x00000000e0003fd8}> (0x00000000e0003fd8) 
thrown [src/hotspot/share/gc/shared/memAllocator.cpp, line 138]
Event: 2210.188 Thread 0x00007fc8dc115120 Implicit null exception at 0x00007fc95af97df1 to 0x00007fc95af97e7d
Event: 2213.163 Thread 0x00007fc8dc115120 Exception <a 'java/lang/OutOfMemoryError'{0x00000000e00042f8}> (0x00000000e00042f8) 
thrown [src/hotspot/share/gc/shared/memAllocator.cpp, line 136]
Event: 2237.887 Thread 0x00007fc96c0b21d0 Exception <a 'java/lang/OutOfMemoryError'{0x00000000e0003fd8}> (0x00000000e0003fd8) 
thrown [src/hotspot/share/gc/shared/memAllocator.cpp, line 138]
Event: 2237.887 Thread 0x00007fc96c0b21d0 Implicit null exception at 0x00007fc95b20afef to 0x00007fc95b20b619
Event: 2245.562 Thread 0x00007fc96c4b07e0 Exception <a 'java/lang/OutOfMemoryError'{0x00000000e00042f8}> (0x00000000e00042f8) 
thrown [src/hotspot/share/gc/shared/memAllocator.cpp, line 136]
Event: 2248.699 Thread 0x00007fc96c4b07e0 Exception <a 'java/lang/reflect/InvocationTargetException'{0x00000000f557fcf0}> (0x00000000f557fcf0) 
thrown [src/hotspot/share/runtime/reflection.cpp, line 1119]
Event: 2253.265 Thread 0x00007fc96c4b07e0 Exception <a 'java/lang/OutOfMemoryError'{0x00000000e0003fd8}> (0x00000000e0003fd8) 
thrown [src/hotspot/share/gc/shared/memAllocator.cpp, line 138]
Event: 2253.265 Thread 0x00007fc96c4b07e0 Implicit null exception at 0x00007fc95afb0626 to 0x00007fc95afb06fe
Event: 2257.569 Thread 0x00007fc9004a4a90 Exception <a 'java/lang/OutOfMemoryError'{0x00000000e0003fd8}> (0x00000000e0003fd8) 
thrown [src/hotspot/share/gc/shared/memAllocator.cpp, line 138]
Event: 2257.569 Thread 0x00007fc9004a4a90 Implicit null exception at 0x00007fc95b1db873 to 0x00007fc95b1dbe07
Event: 2267.463 Thread 0x00007fc8dc044e00 Exception <a 'java/lang/OutOfMemoryError'{0x00000000e0003fd8}> (0x00000000e0003fd8) 
thrown [src/hotspot/share/gc/shared/memAllocator.cpp, line 138]
Event: 2267.463 Thread 0x00007fc8dc044e00 Implicit null exception at 0x00007fc95b1471a8 to 0x00007fc95b147273
Event: 2270.166 Thread 0x00007fc96c4b07e0 Exception <a 'java/lang/OutOfMemoryError'{0x00000000e0003fd8}> (0x00000000e0003fd8) 
thrown [src/hotspot/share/gc/shared/memAllocator.cpp, line 138]
Event: 2270.166 Thread 0x00007fc96c4b07e0 Implicit null exception at 0x00007fc95af91a2f to 0x00007fc95af91af9
Event: 2274.405 Thread 0x00007fc9004a4a90 Exception <a 'java/lang/OutOfMemoryError'{0x00000000e00042f8}> (0x00000000e00042f8) 
thrown [src/hotspot/share/gc/shared/memAllocator.cpp, line 136]
Event: 2277.281 Thread 0x00007fc96c0b21d0 Exception <a 'java/lang/OutOfMemoryError'{0x00000000e00042f8}> (0x00000000e00042f8) 
thrown [src/hotspot/share/gc/shared/memAllocator.cpp, line 136]

VM Operations (20 events):
Event: 2258.975 Executing VM operation: ParallelGCFailedAllocation done
Event: 2258.975 Executing VM operation: ParallelGCFailedAllocation
Event: 2260.296 Executing VM operation: ParallelGCFailedAllocation done
Event: 2260.297 Executing VM operation: ParallelGCFailedAllocation
Event: 2261.772 Executing VM operation: ParallelGCFailedAllocation done
Event: 2261.772 Executing VM operation: ParallelGCFailedAllocation
Event: 2263.198 Executing VM operation: ParallelGCFailedAllocation done
Event: 2263.198 Executing VM operation: ParallelGCFailedAllocation
Event: 2264.690 Executing VM operation: ParallelGCFailedAllocation done
Event: 2264.690 Executing VM operation: ParallelGCFailedAllocation
Event: 2267.463 Executing VM operation: ParallelGCFailedAllocation done
Event: 2267.463 Executing VM operation: ParallelGCFailedAllocation
Event: 2270.165 Executing VM operation: ParallelGCFailedAllocation done
Event: 2270.166 Executing VM operation: ParallelGCFailedAllocation
Event: 2271.598 Executing VM operation: ParallelGCFailedAllocation done
Event: 2271.599 Executing VM operation: ParallelGCFailedAllocation
Event: 2274.405 Executing VM operation: ParallelGCFailedAllocation done
Event: 2274.405 Executing VM operation: ParallelGCFailedAllocation
Event: 2277.281 Executing VM operation: ParallelGCFailedAllocation done
Event: 2277.282 Executing VM operation: ParallelGCFailedAllocation

Events (20 events):
Event: 184.167 Thread 0x00007fc8dc115120 Thread exited: 0x00007fc8dc115120
Event: 184.171 Thread 0x00007fc8dc112150 Thread added: 0x00007fc8dc112150
Event: 184.176 Thread 0x00007fc8dc115120 Thread added: 0x00007fc8dc115120
Event: 184.176 Protecting memory [0x00007fc919600000,0x00007fc919604000] with protection modes 0
Event: 184.177 Protecting memory [0x00007fc950800000,0x00007fc950804000] with protection modes 0
Event: 187.873 Thread 0x00007fc8dc044e00 Thread added: 0x00007fc8dc044e00
Event: 187.874 Protecting memory [0x00007fc950400000,0x00007fc950404000] with protection modes 0
Event: 340.508 loading class java/io/InterruptedIOException
Event: 340.508 loading class java/io/InterruptedIOException done
Event: 340.508 loading class javax/net/ssl/SSLException
Event: 340.508 loading class javax/net/ssl/SSLException done
Event: 340.510 loading class java/lang/AssertionError
Event: 340.510 loading class java/lang/AssertionError done
Event: 340.510 Thread 0x00007fc8d0436960 Thread exited: 0x00007fc8d0436960
Event: 340.511 Thread 0x00007fc8d400d4f0 Thread exited: 0x00007fc8d400d4f0
Event: 400.592 Thread 0x00007fc8d0436ee0 Thread exited: 0x00007fc8d0436ee0
Event: 2214.562 loading class java/util/concurrent/CompletionException
Event: 2224.468 loading class java/util/concurrent/CompletionException done
Event: 2227.306 loading class java/util/concurrent/CancellationException
Event: 2234.830 loading class java/util/concurrent/CancellationException done


Dynamic libraries:
e0000000-f5580000 rw-p 00000000 00:00 0 
f5580000-fa100000 rw-p 00000000 00:00 0 
fa100000-100000000 ---p 00000000 00:00 0 
800000000-800449000 rw-p 00001000 00:1b0d 4611686019135357769            /nix/store/gpxl5qgg8kicmcvivwmybwjlpf7wh20l-graalvm17-ce-22.3.0/lib/server/classes.jsa
800449000-800bc8000 r--p 0044a000 00:1b0d 4611686019135357769            /nix/store/gpxl5qgg8kicmcvivwmybwjlpf7wh20l-graalvm17-ce-22.3.0/lib/server/classes.jsa
800bc8000-800c00000 ---p 00000000 00:00 0 
800c00000-800c20000 rw-p 00000000 00:00 0 
800c20000-800c40000 rw-p 00000000 00:00 0 
800c40000-800cc0000 rw-p 00000000 00:00 0 
800cc0000-800d00000 rw-p 00000000 00:00 0 
800d00000-800dc0000 rw-p 00000000 00:00 0 
800dc0000-800e00000 rw-p 00000000 00:00 0 
800e00000-800f40000 rw-p 00000000 00:00 0 
800f40000-800fc0000 rw-p 00000000 00:00 0 
800fc0000-801000000 rw-p 00000000 00:00 0 
801000000-801240000 rw-p 00000000 00:00 0 
801240000-840c00000 ---p 00000000 00:00 0 
5565a54ee000-5565a54ef000 r-xp 00000000 00:1b0d 4611686019099417844      /nix/store/gpxl5qgg8kicmcvivwmybwjlpf7wh20l-graalvm17-ce-22.3.0/bin/.java-wrapped
5565a54f0000-5565a54f1000 r--p 00001000 00:1b0d 4611686019099417844      /nix/store/gpxl5qgg8kicmcvivwmybwjlpf7wh20l-graalvm17-ce-22.3.0/bin/.java-wrapped
5565a54f1000-5565a54f2000 rw-p 00002000 00:1b0d 4611686019099417844      /nix/store/gpxl5qgg8kicmcvivwmybwjlpf7wh20l-graalvm17-ce-22.3.0/bin/.java-wrapped
5565a54f2000-5565a54f3000 rw-p 00004000 00:1b0d 4611686019099417844      /nix/store/gpxl5qgg8kicmcvivwmybwjlpf7wh20l-graalvm17-ce-22.3.0/bin/.java-wrapped
5565a54f3000-5565a54f4000 rw-p 00005000 00:1b0d 4611686019099417844      /nix/store/gpxl5qgg8kicmcvivwmybwjlpf7wh20l-graalvm17-ce-22.3.0/bin/.java-wrapped
5565a7477000-5565a74bf000 rw-p 00000000 00:00 0                          [heap]
7fc8a8000000-7fc8a81f0000 rw-p 00000000 00:00 0 
7fc8a81f0000-7fc8ac000000 ---p 00000000 00:00 0 
7fc8b0000000-7fc8b0021000 rw-p 00000000 00:00 0 
7fc8b0021000-7fc8b4000000 ---p 00000000 00:00 0 
7fc8b4000000-7fc8b4045000 rw-p 00000000 00:00 0 
7fc8b4045000-7fc8b8000000 ---p 00000000 00:00 0 
7fc8b8000000-7fc8b8021000 rw-p 00000000 00:00 0 
7fc8b8021000-7fc8bc000000 ---p 00000000 00:00 0 
7fc8bc000000-7fc8bc021000 rw-p 00000000 00:00 0 
7fc8bc021000-7fc8c0000000 ---p 00000000 00:00 0 
7fc8c0000000-7fc8c0021000 rw-p 00000000 00:00 0 
7fc8c0021000-7fc8c4000000 ---p 00000000 00:00 0 
7fc8c4c00000-7fc8c5250000 rw-p 00000000 00:00 0 
7fc8c5250000-7fc8c5400000 ---p 00000000 00:00 0 
7fc8c5c00000-7fc8c5d80000 rw-p 00000000 00:00 0 
7fc8c5d80000-7fc8c5e00000 rw-p 00000000 00:00 0 
7fc8c5e00000-7fc8c5f00000 rw-p 00000000 00:00 0 
7fc8c5f00000-7fc8c5f70000 rw-p 00000000 00:00 0 
7fc8c5f70000-7fc8c6000000 ---p 00000000 00:00 0 
7fc8c6000000-7fc8c6400000 rw-p 00000000 00:00 0 
7fc8c64b3000-7fc8d0000000 r--s 00000000 00:1b0d 4611686019135192581      /nix/store/gpxl5qgg8kicmcvivwmybwjlpf7wh20l-graalvm17-ce-22.3.0/lib/modules
7fc8d0000000-7fc8d0505000 rw-p 00000000 00:00 0 
7fc8d0505000-7fc8d4000000 ---p 00000000 00:00 0 
7fc8d4000000-7fc8d4021000 rw-p 00000000 00:00 0 
7fc8d4021000-7fc8d8000000 ---p 00000000 00:00 0 
7fc8d8000000-7fc8d8102000 rw-p 00000000 00:00 0 
7fc8d8102000-7fc8dc000000 ---p 00000000 00:00 0 
7fc8dc000000-7fc8dc1e7000 rw-p 00000000 00:00 0 
7fc8dc1e7000-7fc8e0000000 ---p 00000000 00:00 0 
7fc8e0000000-7fc8e0021000 rw-p 00000000 00:00 0 
7fc8e0021000-7fc8e4000000 ---p 00000000 00:00 0 
7fc8e4000000-7fc8e4021000 rw-p 00000000 00:00 0 
7fc8e4021000-7fc8e8000000 ---p 00000000 00:00 0 
7fc8e8000000-7fc8e805b000 rw-p 00000000 00:00 0 
7fc8e805b000-7fc8ec000000 ---p 00000000 00:00 0 
7fc8ec000000-7fc8ec081000 rw-p 00000000 00:00 0 
7fc8ec081000-7fc8f0000000 ---p 00000000 00:00 0 
7fc8f0000000-7fc8f0021000 rw-p 00000000 00:00 0 
7fc8f0021000-7fc8f4000000 ---p 00000000 00:00 0 
7fc8f4000000-7fc8f42f6000 rw-p 00000000 00:00 0 
7fc8f42f6000-7fc8f8000000 ---p 00000000 00:00 0 
7fc8f8000000-7fc8f8021000 rw-p 00000000 00:00 0 
7fc8f8021000-7fc8fc000000 ---p 00000000 00:00 0 
7fc8fc000000-7fc8fc0d0000 rw-p 00000000 00:00 0 
7fc8fc0d0000-7fc900000000 ---p 00000000 00:00 0 
7fc900000000-7fc9008da000 rw-p 00000000 00:00 0 
7fc9008da000-7fc904000000 ---p 00000000 00:00 0 
7fc904000000-7fc904025000 rw-p 00000000 00:00 0 
7fc904025000-7fc908000000 ---p 00000000 00:00 0 
7fc908000000-7fc908021000 rw-p 00000000 00:00 0 
7fc908021000-7fc90c000000 ---p 00000000 00:00 0 
7fc90c000000-7fc90c021000 rw-p 00000000 00:00 0 
7fc90c021000-7fc910000000 ---p 00000000 00:00 0 
7fc910000000-7fc910021000 rw-p 00000000 00:00 0 
7fc910021000-7fc914000000 ---p 00000000 00:00 0 
7fc914800000-7fc915000000 rw-p 00000000 00:00 0 
7fc915000000-7fc9150c0000 rw-p 00000000 00:00 0 
7fc9150c0000-7fc915100000 rw-p 00000000 00:00 0 
7fc915100000-7fc9152e0000 rw-p 00000000 00:00 0 
7fc9152e0000-7fc915300000 rw-p 00000000 00:00 0 
7fc915300000-7fc915500000 rw-p 00000000 00:00 0 
7fc915500000-7fc915600000 rw-p 00000000 00:00 0 
7fc915600000-7fc915700000 rw-p 00000000 00:00 0 
7fc915700000-7fc915800000 rw-p 00000000 00:00 0 
7fc915800000-7fc915900000 rw-p 00000000 00:00 0 
7fc915900000-7fc915a00000 rw-p 00000000 00:00 0 
7fc915a00000-7fc915fa0000 rw-p 00000000 00:00 0 
7fc915fa0000-7fc915fc0000 rw-p 00000000 00:00 0 
7fc915fc0000-7fc916000000 rw-p 00000000 00:00 0 
7fc916000000-7fc916100000 rw-p 00000000 00:00 0 
7fc916100000-7fc916200000 rw-p 00000000 00:00 0 
7fc916200000-7fc916500000 rw-p 00000000 00:00 0 
7fc916500000-7fc916600000 rw-p 00000000 00:00 0 
7fc916600000-7fc916800000 rw-p 00000000 00:00 0 
7fc917600000-7fc917610000 r-xp 00000000 00:1b0a 356                      /home/runner/.cache/jdt-language-server/config/org.eclipse.equinox.launcher/org.eclipse.equinox.launcher.gtk.linux.x86_64_1.2.400.v20211117-0650/eclipse_11600.so
7fc917610000-7fc91780f000 ---p 00010000 00:1b0a 356                      /home/runner/.cache/jdt-language-server/config/org.eclipse.equinox.launcher/org.eclipse.equinox.launcher.gtk.linux.x86_64_1.2.400.v20211117-0650/eclipse_11600.so
7fc91780f000-7fc917810000 r--p 0000f000 00:1b0a 356                      /home/runner/.cache/jdt-language-server/config/org.eclipse.equinox.launcher/org.eclipse.equinox.launcher.gtk.linux.x86_64_1.2.400.v20211117-0650/eclipse_11600.so
7fc917810000-7fc917811000 rw-p 00010000 00:1b0a 356                      /home/runner/.cache/jdt-language-server/config/org.eclipse.equinox.launcher/org.eclipse.equinox.launcher.gtk.linux.x86_64_1.2.400.v20211117-0650/eclipse_11600.so
7fc917d00000-7fc917e00000 ---p 00000000 00:00 0 
7fc917e00000-7fc9183af000 r--p 01122000 00:1b0d 4611686019135190040      /nix/store/gpxl5qgg8kicmcvivwmybwjlpf7wh20l-graalvm17-ce-22.3.0/lib/libjvmcicompiler.so
7fc9183af000-7fc918500000 r--p 00000000 00:00 0 
7fc918500000-7fc91853d000 rw-p 00000000 00:00 0 
7fc91853d000-7fc918a5d000 rw-p 0185f000 00:1b0d 4611686019135190040      /nix/store/gpxl5qgg8kicmcvivwmybwjlpf7wh20l-graalvm17-ce-22.3.0/lib/libjvmcicompiler.so
7fc918a5d000-7fc918e44000 r--p 01d7f000 00:1b0d 4611686019135190040      /nix/store/gpxl5qgg8kicmcvivwmybwjlpf7wh20l-graalvm17-ce-22.3.0/lib/libjvmcicompiler.so
7fc918f00000-7fc918f04000 ---p 00000000 00:00 0 
7fc918f04000-7fc919000000 rw-p 00000000 00:00 0 
7fc919100000-7fc919104000 ---p 00000000 00:00 0 
7fc919104000-7fc919200000 rw-p 00000000 00:00 0 
7fc919300000-7fc919304000 ---p 00000000 00:00 0 
7fc919304000-7fc919400000 rw-p 00000000 00:00 0 
7fc919500000-7fc919504000 ---p 00000000 00:00 0 
7fc919504000-7fc919600000 rw-p 00000000 00:00 0 
7fc919600000-7fc919604000 ---p 00000000 00:00 0 
7fc919604000-7fc919700000 rw-p 00000000 00:00 0 
7fc919700000-7fc919704000 ---p 00000000 00:00 0 
7fc919704000-7fc919800000 rw-p 00000000 00:00 0 
7fc919900000-7fc919904000 ---p 00000000 00:00 0 
7fc919904000-7fc919a00000 rw-p 00000000 00:00 0 
7fc919b00000-7fc919b04000 ---p 00000000 00:00 0 
7fc919b04000-7fc919c00000 rw-p 00000000 00:00 0 
7fc919c00000-7fc91bd6a000 r-xp 00000000 00:1b0d 4611686019135190040      /nix/store/gpxl5qgg8kicmcvivwmybwjlpf7wh20l-graalvm17-ce-22.3.0/lib/libjvmcicompiler.so
7fc91bd6a000-7fc91bf69000 ---p 0216a000 00:1b0d 4611686019135190040      /nix/store/gpxl5qgg8kicmcvivwmybwjlpf7wh20l-graalvm17-ce-22.3.0/lib/libjvmcicompiler.so
7fc91bf69000-7fc91bf6a000 r--p 02169000 00:1b0d 4611686019135190040      /nix/store/gpxl5qgg8kicmcvivwmybwjlpf7wh20l-graalvm17-ce-22.3.0/lib/libjvmcicompiler.so
7fc91bf6a000-7fc91bf6c000 rw-p 0216a000 00:1b0d 4611686019135190040      /nix/store/gpxl5qgg8kicmcvivwmybwjlpf7wh20l-graalvm17-ce-22.3.0/lib/libjvmcicompiler.so
7fc91bf6c000-7fc91bf6d000 rw-p 00000000 00:00 0 
7fc91bf6d000-7fc91bf72000 rw-p 023c3000 00:1b0d 4611686019135190040      /nix/store/gpxl5qgg8kicmcvivwmybwjlpf7wh20l-graalvm17-ce-22.3.0/lib/libjvmcicompiler.so
7fc91c000000-7fc91c021000 rw-p 00000000 00:00 0 
7fc91c021000-7fc920000000 ---p 00000000 00:00 0 
7fc920000000-7fc920021000 rw-p 00000000 00:00 0 
7fc920021000-7fc924000000 ---p 00000000 00:00 0 
7fc924000000-7fc924021000 rw-p 00000000 00:00 0 
7fc924021000-7fc928000000 ---p 00000000 00:00 0 
7fc928000000-7fc928021000 rw-p 00000000 00:00 0 
7fc928021000-7fc92c000000 ---p 00000000 00:00 0 
7fc92c000000-7fc92c0d1000 rw-p 00000000 00:00 0 
7fc92c0d1000-7fc930000000 ---p 00000000 00:00 0 
7fc930000000-7fc930be5000 rw-p 00000000 00:00 0 
7fc930be5000-7fc934000000 ---p 00000000 00:00 0 
7fc934000000-7fc934021000 rw-p 00000000 00:00 0 
7fc934021000-7fc938000000 ---p 00000000 00:00 0 
7fc938000000-7fc938021000 rw-p 00000000 00:00 0 
7fc938021000-7fc93c000000 ---p 00000000 00:00 0 
7fc93c000000-7fc93c021000 rw-p 00000000 00:00 0 
7fc93c021000-7fc940000000 ---p 00000000 00:00 0 
7fc940000000-7fc940021000 rw-p 00000000 00:00 0 
7fc940021000-7fc944000000 ---p 00000000 00:00 0 
7fc944000000-7fc944021000 rw-p 00000000 00:00 0 
7fc944021000-7fc948000000 ---p 00000000 00:00 0 
7fc948000000-7fc948021000 rw-p 00000000 00:00 0 
7fc948021000-7fc94c000000 ---p 00000000 00:00 0 
7fc94c000000-7fc94c152000 rw-p 00000000 00:00 0 
7fc94c152000-7fc950000000 ---p 00000000 00:00 0 
7fc950000000-7fc950004000 ---p 00000000 00:00 0 
7fc950004000-7fc950100000 rw-p 00000000 00:00 0 
7fc950200000-7fc950204000 ---p 00000000 00:00 0 
7fc950204000-7fc950300000 rw-p 00000000 00:00 0 
7fc950400000-7fc950404000 ---p 00000000 00:00 0 
7fc950404000-7fc950500000 rw-p 00000000 00:00 0 
7fc950500000-7fc950504000 ---p 00000000 00:00 0 
7fc950504000-7fc950600000 rw-p 00000000 00:00 0 
7fc950600000-7fc950604000 ---p 00000000 00:00 0 
7fc950604000-7fc950700000 rw-p 00000000 00:00 0 
7fc950700000-7fc950704000 ---p 00000000 00:00 0 
7fc950704000-7fc950800000 rw-p 00000000 00:00 0 
7fc950800000-7fc950804000 ---p 00000000 00:00 0 
7fc950804000-7fc950900000 rw-p 00000000 00:00 0 
7fc950900000-7fc950904000 ---p 00000000 00:00 0 
7fc950904000-7fc950a00000 rw-p 00000000 00:00 0 
7fc950a00000-7fc950a04000 ---p 00000000 00:00 0 
7fc950a04000-7fc950b00000 rw-p 00000000 00:00 0 
7fc950c00000-7fc950c04000 ---p 00000000 00:00 0 
7fc950c04000-7fc950d00000 rw-p 00000000 00:00 0 
7fc950e00000-7fc950e04000 ---p 00000000 00:00 0 
7fc950e04000-7fc950f00000 rw-p 00000000 00:00 0 
7fc950f00000-7fc950f04000 ---p 00000000 00:00 0 
7fc950f04000-7fc951000000 rw-p 00000000 00:00 0 
7fc951000000-7fc951004000 ---p 00000000 00:00 0 
7fc951004000-7fc951100000 rw-p 00000000 00:00 0 
7fc951200000-7fc951204000 ---p 00000000 00:00 0 
7fc951204000-7fc951300000 rw-p 00000000 00:00 0 
7fc951f68000-7fc952400000 rw-p 00000000 00:00 0 
7fc9524fe000-7fc9524ff000 ---p 00000000 00:00 0 
7fc9524ff000-7fc952600000 rw-p 00000000 00:00 0 
7fc952600000-7fc952604000 ---p 00000000 00:00 0 
7fc952604000-7fc952700000 rw-p 00000000 00:00 0 
7fc952700000-7fc952704000 ---p 00000000 00:00 0 
7fc952704000-7fc952800000 rw-p 00000000 00:00 0 
7fc952800000-7fc952804000 ---p 00000000 00:00 0 
7fc952804000-7fc952a00000 rw-p 00000000 00:00 0 
7fc952a00000-7fc952a04000 ---p 00000000 00:00 0 
7fc952a04000-7fc953000000 rw-p 00000000 00:00 0 
7fc953000000-7fc953300000 rw-p 00000000 00:00 0 
7fc953300000-7fc953400000 rw-p 00000000 00:00 0 
7fc953450000-7fc953454000 ---p 00000000 00:00 0 
7fc953454000-7fc953472000 rw-p 00000000 00:00 0 
7fc953472000-7fc953479000 r-xp 00000000 00:1b0d 4611686019135192580      /nix/store/gpxl5qgg8kicmcvivwmybwjlpf7wh20l-graalvm17-ce-22.3.0/lib/libzip.so
7fc953479000-7fc95347a000 ---p 00007000 00:1b0d 4611686019135192580      /nix/store/gpxl5qgg8kicmcvivwmybwjlpf7wh20l-graalvm17-ce-22.3.0/lib/libzip.so
7fc95347a000-7fc95347b000 r--p 00007000 00:1b0d 4611686019135192580      /nix/store/gpxl5qgg8kicmcvivwmybwjlpf7wh20l-graalvm17-ce-22.3.0/lib/libzip.so
7fc95347b000-7fc95347c000 rw-p 00008000 00:1b0d 4611686019135192580      /nix/store/gpxl5qgg8kicmcvivwmybwjlpf7wh20l-graalvm17-ce-22.3.0/lib/libzip.so
7fc95347c000-7fc95347e000 rw-p 0000b000 00:1b0d 4611686019135192580      /nix/store/gpxl5qgg8kicmcvivwmybwjlpf7wh20l-graalvm17-ce-22.3.0/lib/libzip.so
7fc95347e000-7fc953493000 r-xp 00000000 00:1b0d 4611686019135192570      /nix/store/gpxl5qgg8kicmcvivwmybwjlpf7wh20l-graalvm17-ce-22.3.0/lib/libnet.so
7fc953493000-7fc953494000 ---p 00015000 00:1b0d 4611686019135192570      /nix/store/gpxl5qgg8kicmcvivwmybwjlpf7wh20l-graalvm17-ce-22.3.0/lib/libnet.so
7fc953494000-7fc953495000 r--p 00015000 00:1b0d 4611686019135192570      /nix/store/gpxl5qgg8kicmcvivwmybwjlpf7wh20l-graalvm17-ce-22.3.0/lib/libnet.so
7fc953495000-7fc953496000 rw-p 00016000 00:1b0d 4611686019135192570      /nix/store/gpxl5qgg8kicmcvivwmybwjlpf7wh20l-graalvm17-ce-22.3.0/lib/libnet.so
7fc953496000-7fc953499000 rw-p 0001b000 00:1b0d 4611686019135192570      /nix/store/gpxl5qgg8kicmcvivwmybwjlpf7wh20l-graalvm17-ce-22.3.0/lib/libnet.so
7fc953499000-7fc9534ac000 r-xp 00000000 00:1b0d 4611686019135192571      /nix/store/gpxl5qgg8kicmcvivwmybwjlpf7wh20l-graalvm17-ce-22.3.0/lib/libnio.so
7fc9534ac000-7fc9534ad000 r--p 00012000 00:1b0d 4611686019135192571      /nix/store/gpxl5qgg8kicmcvivwmybwjlpf7wh20l-graalvm17-ce-22.3.0/lib/libnio.so
7fc9534ad000-7fc9534ae000 rw-p 00013000 00:1b0d 4611686019135192571      /nix/store/gpxl5qgg8kicmcvivwmybwjlpf7wh20l-graalvm17-ce-22.3.0/lib/libnio.so
7fc9534ae000-7fc9534b3000 rw-p 00019000 00:1b0d 4611686019135192571      /nix/store/gpxl5qgg8kicmcvivwmybwjlpf7wh20l-graalvm17-ce-22.3.0/lib/libnio.so
7fc9534b3000-7fc953723000 rwxp 00000000 00:00 0 
7fc953723000-7fc953a42000 ---p 00000000 00:00 0 
7fc953a42000-7fc954a62000 rwxp 00000000 00:00 0 
7fc954a62000-7fc95af7a000 ---p 00000000 00:00 0 
7fc95af7a000-7fc95b21a000 rwxp 00000000 00:00 0 
7fc95b21a000-7fc9624b3000 ---p 00000000 00:00 0 
7fc9624b3000-7fc96c000000 r--s 00000000 00:1b0d 4611686019135192581      /nix/store/gpxl5qgg8kicmcvivwmybwjlpf7wh20l-graalvm17-ce-22.3.0/lib/modules
7fc96c000000-7fc96c619000 rw-p 00000000 00:00 0 
7fc96c619000-7fc970000000 ---p 00000000 00:00 0 
7fc970001000-7fc970003000 r-xp 00000000 00:1b0d 4611686019135190017      /nix/store/gpxl5qgg8kicmcvivwmybwjlpf7wh20l-graalvm17-ce-22.3.0/lib/libextnet.so
7fc970003000-7fc970004000 r--p 00001000 00:1b0d 4611686019135190017      /nix/store/gpxl5qgg8kicmcvivwmybwjlpf7wh20l-graalvm17-ce-22.3.0/lib/libextnet.so
7fc970004000-7fc970005000 rw-p 00002000 00:1b0d 4611686019135190017      /nix/store/gpxl5qgg8kicmcvivwmybwjlpf7wh20l-graalvm17-ce-22.3.0/lib/libextnet.so
7fc970005000-7fc970006000 rw-p 00004000 00:1b0d 4611686019135190017      /nix/store/gpxl5qgg8kicmcvivwmybwjlpf7wh20l-graalvm17-ce-22.3.0/lib/libextnet.so
7fc970006000-7fc97000a000 ---p 00000000 00:00 0 
7fc97000a000-7fc970106000 rw-p 00000000 00:00 0 
7fc970106000-7fc97010a000 ---p 00000000 00:00 0 
7fc97010a000-7fc970206000 rw-p 00000000 00:00 0 
7fc970206000-7fc97020a000 ---p 00000000 00:00 0 
7fc97020a000-7fc970306000 rw-p 00000000 00:00 0 
7fc970306000-7fc97030a000 ---p 00000000 00:00 0 
7fc97030a000-7fc970406000 rw-p 00000000 00:00 0 
7fc970406000-7fc9706ec000 r--p 00000000 00:139f 28444448                 /usr/lib/locale/locale-archive
7fc9706ec000-7fc9706f0000 ---p 00000000 00:00 0 
7fc9706f0000-7fc9707ec000 rw-p 00000000 00:00 0 
7fc9707ec000-7fc9707f0000 ---p 00000000 00:00 0 
7fc9707f0000-7fc9708ec000 rw-p 00000000 00:00 0 
7fc9708ec000-7fc9708ed000 ---p 00000000 00:00 0 
7fc9708ed000-7fc9709ee000 rw-p 00000000 00:00 0 
7fc9709ee000-7fc970abc000 r-xp 00000000 00:1b0d 4611686019135190036      /nix/store/gpxl5qgg8kicmcvivwmybwjlpf7wh20l-graalvm17-ce-22.3.0/lib/libjsvml.so
7fc970abc000-7fc970abd000 r--p 000cd000 00:1b0d 4611686019135190036      /nix/store/gpxl5qgg8kicmcvivwmybwjlpf7wh20l-graalvm17-ce-22.3.0/lib/libjsvml.so
7fc970abd000-7fc970abe000 rw-p 000ce000 00:1b0d 4611686019135190036      /nix/store/gpxl5qgg8kicmcvivwmybwjlpf7wh20l-graalvm17-ce-22.3.0/lib/libjsvml.so
7fc970abe000-7fc972396000 rw-p 00000000 00:00 0 
7fc972396000-7fc972397000 ---p 00000000 00:00 0 
7fc972397000-7fc972542000 rw-p 00000000 00:00 0 
7fc972542000-7fc972569000 rw-p 00000000 00:00 0 
7fc972569000-7fc972598000 ---p 00000000 00:00 0 
7fc972598000-7fc97259f000 rw-p 00000000 00:00 0 
7fc97259f000-7fc972684000 ---p 00000000 00:00 0 
7fc972684000-7fc9726a5000 rw-p 00000000 00:00 0 
7fc9726a5000-7fc97276f000 ---p 00000000 00:00 0 
7fc97276f000-7fc972774000 rw-p 00000000 00:00 0 
7fc972774000-7fc97277b000 ---p 00000000 00:00 0 
7fc97277b000-7fc97279f000 r-xp 00000000 00:1b0d 4611686019135190028      /nix/store/gpxl5qgg8kicmcvivwmybwjlpf7wh20l-graalvm17-ce-22.3.0/lib/libjava.so
7fc97279f000-7fc9727a0000 ---p 00024000 00:1b0d 4611686019135190028      /nix/store/gpxl5qgg8kicmcvivwmybwjlpf7wh20l-graalvm17-ce-22.3.0/lib/libjava.so
7fc9727a0000-7fc9727a1000 r--p 00024000 00:1b0d 4611686019135190028      /nix/store/gpxl5qgg8kicmcvivwmybwjlpf7wh20l-graalvm17-ce-22.3.0/lib/libjava.so
7fc9727a1000-7fc9727a2000 rw-p 00025000 00:1b0d 4611686019135190028      /nix/store/gpxl5qgg8kicmcvivwmybwjlpf7wh20l-graalvm17-ce-22.3.0/lib/libjava.so
7fc9727a2000-7fc9727a3000 rw-p 00000000 00:00 0 
7fc9727a3000-7fc9727aa000 rw-p 0002f000 00:1b0d 4611686019135190028      /nix/store/gpxl5qgg8kicmcvivwmybwjlpf7wh20l-graalvm17-ce-22.3.0/lib/libjava.so
7fc9727aa000-7fc9727b2000 rw-s 00000000 00:14a3 353                      /tmp/hsperfdata_runner/29
7fc9727b2000-7fc9727b3000 ---p 00000000 00:00 0 
7fc9727b3000-7fc9727b4000 r--p 00000000 00:00 0 
7fc9727b4000-7fc9727b5000 rwxp 00000000 00:00 0 
7fc9727b5000-7fc9727d0000 r-xp 00000000 00:1b0d 4611686019135190032      /nix/store/gpxl5qgg8kicmcvivwmybwjlpf7wh20l-graalvm17-ce-22.3.0/lib/libjimage.so
7fc9727d0000-7fc9727d1000 ---p 0001b000 00:1b0d 4611686019135190032      /nix/store/gpxl5qgg8kicmcvivwmybwjlpf7wh20l-graalvm17-ce-22.3.0/lib/libjimage.so
7fc9727d1000-7fc9727d3000 r--p 0001b000 00:1b0d 4611686019135190032      /nix/store/gpxl5qgg8kicmcvivwmybwjlpf7wh20l-graalvm17-ce-22.3.0/lib/libjimage.so
7fc9727d3000-7fc9727d4000 rw-p 0001d000 00:1b0d 4611686019135190032      /nix/store/gpxl5qgg8kicmcvivwmybwjlpf7wh20l-graalvm17-ce-22.3.0/lib/libjimage.so
7fc9727d4000-7fc9727d5000 rw-p 00024000 00:1b0d 4611686019135190032      /nix/store/gpxl5qgg8kicmcvivwmybwjlpf7wh20l-graalvm17-ce-22.3.0/lib/libjimage.so
7fc9727d5000-7fc9727d9000 ---p 00000000 00:00 0 
7fc9727d9000-7fc9728d5000 rw-p 00000000 00:00 0 
7fc9728d5000-7fc9728e3000 r--p 00000000 00:1b0d 4611686019027979927      /nix/store/4nlgxhb09sdr51nc9hdm8az5b08vzkgx-glibc-2.35-163/lib/libm.so.6
7fc9728e3000-7fc972956000 r-xp 0000e000 00:1b0d 4611686019027979927      /nix/store/4nlgxhb09sdr51nc9hdm8az5b08vzkgx-glibc-2.35-163/lib/libm.so.6
7fc972956000-7fc9729b3000 r--p 00081000 00:1b0d 4611686019027979927      /nix/store/4nlgxhb09sdr51nc9hdm8az5b08vzkgx-glibc-2.35-163/lib/libm.so.6
7fc9729b3000-7fc9729b4000 r--p 000dd000 00:1b0d 4611686019027979927      /nix/store/4nlgxhb09sdr51nc9hdm8az5b08vzkgx-glibc-2.35-163/lib/libm.so.6
7fc9729b4000-7fc9729b5000 rw-p 000de000 00:1b0d 4611686019027979927      /nix/store/4nlgxhb09sdr51nc9hdm8az5b08vzkgx-glibc-2.35-163/lib/libm.so.6
7fc9729b5000-7fc9729b6000 r--p 00000000 00:1b0d 4611686019027979946      /nix/store/4nlgxhb09sdr51nc9hdm8az5b08vzkgx-glibc-2.35-163/lib/librt.so.1
7fc9729b6000-7fc9729b7000 r-xp 00001000 00:1b0d 4611686019027979946      /nix/store/4nlgxhb09sdr51nc9hdm8az5b08vzkgx-glibc-2.35-163/lib/librt.so.1
7fc9729b7000-7fc9729b8000 r--p 00002000 00:1b0d 4611686019027979946      /nix/store/4nlgxhb09sdr51nc9hdm8az5b08vzkgx-glibc-2.35-163/lib/librt.so.1
7fc9729b8000-7fc9729b9000 r--p 00002000 00:1b0d 4611686019027979946      /nix/store/4nlgxhb09sdr51nc9hdm8az5b08vzkgx-glibc-2.35-163/lib/librt.so.1
7fc9729b9000-7fc9729ba000 rw-p 00003000 00:1b0d 4611686019027979946      /nix/store/4nlgxhb09sdr51nc9hdm8az5b08vzkgx-glibc-2.35-163/lib/librt.so.1
7fc9729ba000-7fc973acd000 r-xp 00000000 00:1b0d 4611686019135360866      /nix/store/gpxl5qgg8kicmcvivwmybwjlpf7wh20l-graalvm17-ce-22.3.0/lib/server/libjvm.so
7fc973acd000-7fc973ace000 ---p 01113000 00:1b0d 4611686019135360866      /nix/store/gpxl5qgg8kicmcvivwmybwjlpf7wh20l-graalvm17-ce-22.3.0/lib/server/libjvm.so
7fc973ace000-7fc973b83000 r--p 01113000 00:1b0d 4611686019135360866      /nix/store/gpxl5qgg8kicmcvivwmybwjlpf7wh20l-graalvm17-ce-22.3.0/lib/server/libjvm.so
7fc973b83000-7fc973bb7000 rw-p 011c8000 00:1b0d 4611686019135360866      /nix/store/gpxl5qgg8kicmcvivwmybwjlpf7wh20l-graalvm17-ce-22.3.0/lib/server/libjvm.so
7fc973bb7000-7fc973c13000 rw-p 00000000 00:00 0 
7fc973c13000-7fc973c3b000 r--p 00000000 00:1b0d 4611686019027979918      /nix/store/4nlgxhb09sdr51nc9hdm8az5b08vzkgx-glibc-2.35-163/lib/libc.so.6
7fc973c3b000-7fc973db1000 r-xp 00028000 00:1b0d 4611686019027979918      /nix/store/4nlgxhb09sdr51nc9hdm8az5b08vzkgx-glibc-2.35-163/lib/libc.so.6
7fc973db1000-7fc973e09000 r--p 0019e000 00:1b0d 4611686019027979918      /nix/store/4nlgxhb09sdr51nc9hdm8az5b08vzkgx-glibc-2.35-163/lib/libc.so.6
7fc973e09000-7fc973e0d000 r--p 001f6000 00:1b0d 4611686019027979918      /nix/store/4nlgxhb09sdr51nc9hdm8az5b08vzkgx-glibc-2.35-163/lib/libc.so.6
7fc973e0d000-7fc973e0f000 rw-p 001fa000 00:1b0d 4611686019027979918      /nix/store/4nlgxhb09sdr51nc9hdm8az5b08vzkgx-glibc-2.35-163/lib/libc.so.6
7fc973e0f000-7fc973e1e000 rw-p 00000000 00:00 0 
7fc973e1e000-7fc973e1f000 r--p 00000000 00:1b0d 4611686019027979923      /nix/store/4nlgxhb09sdr51nc9hdm8az5b08vzkgx-glibc-2.35-163/lib/libdl.so.2
7fc973e1f000-7fc973e20000 r-xp 00001000 00:1b0d 4611686019027979923      /nix/store/4nlgxhb09sdr51nc9hdm8az5b08vzkgx-glibc-2.35-163/lib/libdl.so.2
7fc973e20000-7fc973e21000 r--p 00002000 00:1b0d 4611686019027979923      /nix/store/4nlgxhb09sdr51nc9hdm8az5b08vzkgx-glibc-2.35-163/lib/libdl.so.2
7fc973e21000-7fc973e22000 r--p 00002000 00:1b0d 4611686019027979923      /nix/store/4nlgxhb09sdr51nc9hdm8az5b08vzkgx-glibc-2.35-163/lib/libdl.so.2
7fc973e22000-7fc973e23000 rw-p 00003000 00:1b0d 4611686019027979923      /nix/store/4nlgxhb09sdr51nc9hdm8az5b08vzkgx-glibc-2.35-163/lib/libdl.so.2
7fc973e23000-7fc973e24000 r--p 00000000 00:1b0d 4611686019027979942      /nix/store/4nlgxhb09sdr51nc9hdm8az5b08vzkgx-glibc-2.35-163/lib/libpthread.so.0
7fc973e24000-7fc973e25000 r-xp 00001000 00:1b0d 4611686019027979942      /nix/store/4nlgxhb09sdr51nc9hdm8az5b08vzkgx-glibc-2.35-163/lib/libpthread.so.0
7fc973e25000-7fc973e26000 r--p 00002000 00:1b0d 4611686019027979942      /nix/store/4nlgxhb09sdr51nc9hdm8az5b08vzkgx-glibc-2.35-163/lib/libpthread.so.0
7fc973e26000-7fc973e27000 r--p 00002000 00:1b0d 4611686019027979942      /nix/store/4nlgxhb09sdr51nc9hdm8az5b08vzkgx-glibc-2.35-163/lib/libpthread.so.0
7fc973e27000-7fc973e28000 rw-p 00003000 00:1b0d 4611686019027979942      /nix/store/4nlgxhb09sdr51nc9hdm8az5b08vzkgx-glibc-2.35-163/lib/libpthread.so.0
7fc973e28000-7fc973e36000 r-xp 00000000 00:1b0d 4611686019135190033      /nix/store/gpxl5qgg8kicmcvivwmybwjlpf7wh20l-graalvm17-ce-22.3.0/lib/libjli.so
7fc973e36000-7fc973e37000 ---p 0000e000 00:1b0d 4611686019135190033      /nix/store/gpxl5qgg8kicmcvivwmybwjlpf7wh20l-graalvm17-ce-22.3.0/lib/libjli.so
7fc973e37000-7fc973e38000 r--p 0000e000 00:1b0d 4611686019135190033      /nix/store/gpxl5qgg8kicmcvivwmybwjlpf7wh20l-graalvm17-ce-22.3.0/lib/libjli.so
7fc973e38000-7fc973e39000 rw-p 0000f000 00:1b0d 4611686019135190033      /nix/store/gpxl5qgg8kicmcvivwmybwjlpf7wh20l-graalvm17-ce-22.3.0/lib/libjli.so
7fc973e39000-7fc973e3a000 rw-p 00012000 00:1b0d 4611686019135190033      /nix/store/gpxl5qgg8kicmcvivwmybwjlpf7wh20l-graalvm17-ce-22.3.0/lib/libjli.so
7fc973e3a000-7fc973e3d000 r--p 00000000 00:1b0d 4611686019106210071      /nix/store/026hln0aq1hyshaxsdvhg0kmcm6yf45r-zlib-1.2.13/lib/libz.so.1.2.13
7fc973e3d000-7fc973e4f000 r-xp 00003000 00:1b0d 4611686019106210071      /nix/store/026hln0aq1hyshaxsdvhg0kmcm6yf45r-zlib-1.2.13/lib/libz.so.1.2.13
7fc973e4f000-7fc973e56000 r--p 00015000 00:1b0d 4611686019106210071      /nix/store/026hln0aq1hyshaxsdvhg0kmcm6yf45r-zlib-1.2.13/lib/libz.so.1.2.13
7fc973e56000-7fc973e57000 r--p 0001b000 00:1b0d 4611686019106210071      /nix/store/026hln0aq1hyshaxsdvhg0kmcm6yf45r-zlib-1.2.13/lib/libz.so.1.2.13
7fc973e57000-7fc973e58000 rw-p 0001c000 00:1b0d 4611686019106210071      /nix/store/026hln0aq1hyshaxsdvhg0kmcm6yf45r-zlib-1.2.13/lib/libz.so.1.2.13
7fc973e58000-7fc973e5a000 rw-p 00000000 00:00 0 
7fc973e5a000-7fc973e5c000 r--p 00000000 00:1b0d 4611686019027979912      /nix/store/4nlgxhb09sdr51nc9hdm8az5b08vzkgx-glibc-2.35-163/lib/ld-linux-x86-64.so.2
7fc973e5c000-7fc973e83000 r-xp 00002000 00:1b0d 4611686019027979912      /nix/store/4nlgxhb09sdr51nc9hdm8az5b08vzkgx-glibc-2.35-163/lib/ld-linux-x86-64.so.2
7fc973e83000-7fc973e8f000 r--p 00029000 00:1b0d 4611686019027979912      /nix/store/4nlgxhb09sdr51nc9hdm8az5b08vzkgx-glibc-2.35-163/lib/ld-linux-x86-64.so.2
7fc973e8f000-7fc973e91000 r--p 00034000 00:1b0d 4611686019027979912      /nix/store/4nlgxhb09sdr51nc9hdm8az5b08vzkgx-glibc-2.35-163/lib/ld-linux-x86-64.so.2
7fc973e91000-7fc973e93000 rw-p 00036000 00:1b0d 4611686019027979912      /nix/store/4nlgxhb09sdr51nc9hdm8az5b08vzkgx-glibc-2.35-163/lib/ld-linux-x86-64.so.2
7ffec7163000-7ffec7188000 rw-p 00000000 00:00 0                          [stack]
7ffec71db000-7ffec71df000 r--p 00000000 00:00 0                          [vvar]
7ffec71df000-7ffec71e1000 r-xp 00000000 00:00 0                          [vdso]
ffffffffff600000-ffffffffff601000 --xp 00000000 00:00 0                  [vsyscall]


VM Arguments:
jvm_args: -XX:ThreadPriorityPolicy=1 -XX:+UnlockExperimentalVMOptions -XX:+EnableJVMCIProduct -XX:JVMCIThreadsPerNativeLibraryRuntime=1 -XX:-UnlockExperimentalVMOptions -Declipse.application=org.eclipse.jdt.ls.core.id1 -Dosgi.bundles.defaultStartLevel=4 -Declipse.product=org.eclipse.jdt.ls.core.product -Dlog.level=ALL -Xverify:none -XX:+UseParallelGC -XX:GCTimeRatio=4 -XX:AdaptiveSizePolicyWeight=90 -Dsun.zip.disableMemoryMapping=true -Xmx512m -Xms100m 
java_command: /nix/store/m6gcpi1ii6rghy04cjwjddcavv7i90df-jdt-language-server-1.9.0/share/java/plugins/org.eclipse.equinox.launcher_1.6.400.v20210924-0641.jar --add-modules=ALL-SYSTEM --add-opens java.base/java.util=ALL-UNNAMED --add-opens java.base/java.lang=ALL-UNNAMED -configuration /home/runner/.cache/jdt-language-server/config -data /home/runner/.cache/jdt-language-server/data/home/runner/testjsoup
java_class_path (initial): /nix/store/m6gcpi1ii6rghy04cjwjddcavv7i90df-jdt-language-server-1.9.0/share/java/plugins/org.eclipse.equinox.launcher_1.6.400.v20210924-0641.jar
Launcher Type: SUN_STANDARD

[Global flags]
    uintx AdaptiveSizePolicyWeight                 = 90                                        {product} {command line}
     intx CICompilerCount                          = 2                                         {product} {ergonomic}
     bool EnableJVMCIProduct                       = true                                {JVMCI product} {jimage}
    uintx GCTimeRatio                              = 4                                         {product} {command line}
   size_t InitialHeapSize                          = 104857600                                 {product} {command line}
     uint JVMCIThreadsPerNativeLibraryRuntime      = 1                                   {JVMCI product} {jimage}
   size_t MaxHeapSize                              = 536870912                                 {product} {command line}
   size_t MaxNewSize                               = 178782208                                 {product} {ergonomic}
   size_t MinHeapDeltaBytes                        = 524288                                    {product} {ergonomic}
   size_t MinHeapSize                              = 104857600                                 {product} {command line}
   size_t NewSize                                  = 34603008                                  {product} {ergonomic}
    uintx NonNMethodCodeHeapSize                   = 5826188                                {pd product} {ergonomic}
    uintx NonProfiledCodeHeapSize                  = 122916026                              {pd product} {ergonomic}
   size_t OldSize                                  = 70254592                                  {product} {ergonomic}
    uintx ProfiledCodeHeapSize                     = 122916026                              {pd product} {ergonomic}
    uintx ReservedCodeCacheSize                    = 251658240                              {pd product} {ergonomic}
     bool SegmentedCodeCache                       = true                                      {product} {ergonomic}
   size_t SoftMaxHeapSize                          = 536870912                              {manageable} {ergonomic}
     intx ThreadPriorityPolicy                     = 1                                         {product} {jimage}
     bool UseCompressedClassPointers               = true                           {product lp64_product} {ergonomic}
     bool UseCompressedOops                        = true                           {product lp64_product} {ergonomic}
     bool UseParallelGC                            = true                                      {product} {command line}

Logging:
Log output configuration:
 #0: stdout all=warning uptime,level,tags
 #1: stderr all=off uptime,level,tags

Environment Variables:
JAVA_HOME=/nix/store/gpxl5qgg8kicmcvivwmybwjlpf7wh20l-graalvm17-ce-22.3.0
PATH=/nix/store/1d6ian3r8kdzspw8hacjhl3xkp40g1lj-binutils-wrapper-2.39/bin:/nix/store/dq0xwmsk1g0i2ayg6pb7y87na2knzylh-gcc-wrapper-11.3.0/bin:/nix/store/bap4d0lpcrhpwmpb8ayjcgkmvfj62lnq-bash-interactive-5.1-p16/bin:/nix/store/pr5n59mb4jzmfx6kanwxly0l07p861fg-patchelf-0.15.0/bin:/nix/store/1gf2flfqnpqbr1b4p4qz2f72y42bs56r-gcc-11.3.0/bin:/nix/store/57xv61c5zi8pphjbcwxxjlgc34p61ic9-glibc-2.35-163-bin/bin:/nix/store/a7gvj343m05j2s32xcnwr35v31ynlypr-coreutils-9.1/bin:/nix/store/039g378vc3pc3dvi9dzdlrd0i4q93qwf-binutils-2.39/bin:/nix/store/gpxl5qgg8kicmcvivwmybwjlpf7wh20l-graalvm17-ce-22.3.0/bin:/nix/store/6z9ag3ihc8mq2hzsw48lhbznvzny65nz-apache-maven-3.8.6/bin:/nix/store/m6gcpi1ii6rghy04cjwjddcavv7i90df-jdt-language-server-1.9.0/bin:/nix/store/84xs5alhs01zrbr4ywm05kxbjbp5590l-java-debug/bin:/nix/store/mydc6f4k2z73xlcz7ilif3v2lcaiqvza-findutils-4.9.0/bin:/nix/store/j9p3g8472iijd50vhdprx0nmk2fqn5gv-diffutils-3.8/bin:/nix/store/89zs7rms6x00xfq4dq6m7mjnhkr8a6r4-gnused-4.8/bin:/nix/store/86bp03jkmsl6f92w0yzg4s59g5mhxwmy-gnugrep-3.7/bin:/nix/store/hwcdqw4jrjnd37wxqgsd47hd0j8bnj09-gawk-5.1.1/bin:/nix/store/cfbhw8r8ags41vwqaz47r583d0p4h4a1-gnutar-1.34/bin:/nix/store/p3m1ndl1lapwrlh698bnb5lvvxh67378-gzip-1.12/bin:/nix/store/a8mhcagrsly7c7mpjrpsnaahk4aax056-bzip2-1.0.8-bin/bin:/nix/store/mblgz65m3zv9x548a3d5m96fj2pbwr09-gnumake-4.3/bin:/nix/store/dsd5gz46hdbdk2rfdimqddhq6m8m8fqs-bash-5.1-p16/bin:/nix/store/v7ljksji50mg3w61dykaa3n3y79n6nil-patch-2.7.6/bin:/nix/store/zlcnmqq14jz5x9439jf937mvayyl63da-xz-5.2.7-bin/bin:/nix/store/y6aj732zm9m87c82fpvf103a1xb22blp-file-5.43/bin:/nix/store/i4kzir3m7mrisxmf5xvlnkw01x4qaqr4-prybar-elisp-0.0.0-e0d9a52/bin:/nix/store/lwwivxf6h7x3cvxp9zv8sj0mv7dak99r-prybar-lua-0.0.0-e0d9a52/bin:/nix/store/gxj28g1cg4hq3qanmjv07156h800qr58-prybar-python3-0.0.0-e0d9a52/bin:/nix/store/hshkjnxrgidigf8x75vg6lqng2xlx9i3-prybar-sqlite-0.0.0-e0d9a52/bin:/nix/store/c4w01bpjgyy5ixmwdk8m1pw87zq4sl26-prybar-tcl-0.0.0-e0d9a52/bin:/nix/store/hpbvrlwd5viqmvcaisb3x0118i913a9n-st
LD_LIBRARY_PATH=/nix/store/a4pff549sk2idnkpzk5nsfps3mdkdnvm-cups-2.4.2-lib/lib:/nix/store/72mqxxhh3cy5yifh92wh2yb8cl2hikyy-cairo-1.16.0/lib:/nix/store/2k366jrbsra97gjfxwvrhvixjfxdach5-glib-2.74.1/lib:/nix/store/2j2znigd8ak37rlwh9khz0ry3clqlw1l-gtk+3-3.24.34/lib:/nix/store/hisqvx32cd57apbpcsnkpx6k3549wql1-libglvnd-1.4.0/lib:/nix/store/p36pgcv991mq5srvg765b78yqpxvk3qs-mesa-21.3.3-drivers/lib:/nix/store/mav4251if1ahjq5vkpwycyyvnmy459c4-pulseaudio-14.2/lib
DISPLAY=:0
LANG=en_US.UTF-8

Signal Handlers:
   SIGSEGV: crash_handler in libjvm.so, mask=11100100010111111101111111111110, flags=SA_RESTART|SA_SIGINFO
    SIGBUS: crash_handler in libjvm.so, mask=11100100010111111101111111111110, flags=SA_RESTART|SA_SIGINFO
    SIGFPE: crash_handler in libjvm.so, mask=11100100010111111101111111111110, flags=SA_RESTART|SA_SIGINFO
   SIGPIPE: IsolateEnterStub_IgnoreSIGPIPEStartupHook_noopSignalHandler_8f19bff2f35b5f630d83b364d6b2339320d4ec70_216e8361c6bc87a8f89f58cc10d3b2fd4415bf87 in libjvmcicompiler.so, mask=00000000000000000000000000000000, flags=SA_RESTART
  *** Handler was modified!
  *** Expected: javaSignalHandler in libjvm.so, mask=11100100110111111111111111111110, flags=SA_RESTART|SA_SIGINFO
   SIGXFSZ: javaSignalHandler in libjvm.so, mask=11100100010111111101111111111110, flags=SA_RESTART|SA_SIGINFO
    SIGILL: crash_handler in libjvm.so, mask=11100100010111111101111111111110, flags=SA_RESTART|SA_SIGINFO
   SIGUSR2: SR_handler in libjvm.so, mask=00000000000000000000000000000000, flags=SA_RESTART|SA_SIGINFO
    SIGHUP: UserHandler in libjvm.so, mask=11100100010111111101111111111110, flags=SA_RESTART|SA_SIGINFO
    SIGINT: UserHandler in libjvm.so, mask=11100100010111111101111111111110, flags=SA_RESTART|SA_SIGINFO
   SIGTERM: UserHandler in libjvm.so, mask=11100100010111111101111111111110, flags=SA_RESTART|SA_SIGINFO
   SIGQUIT: UserHandler in libjvm.so, mask=11100100010111111101111111111110, flags=SA_RESTART|SA_SIGINFO
  *** Handler was modified!
  *** Expected: javaSignalHandler in libjvm.so, mask=11100100110111111111111111111110, flags=SA_RESTART|SA_SIGINFO
   SIGTRAP: crash_handler in libjvm.so, mask=11100100010111111101111111111110, flags=SA_RESTART|SA_SIGINFO


---------------  S Y S T E M  ---------------

OS:
DISTRIB_ID=Ubuntu
DISTRIB_RELEASE=20.04
DISTRIB_CODENAME=focal
DISTRIB_DESCRIPTION="Ubuntu 20.04.2 LTS"
uname: Linux 5.15.0-1031-gcp #38~20.04.1-Ubuntu SMP Sun Mar 12 04:47:58 UTC 2023 x86_64
OS uptime: 0 days 14:48 hours
libc: glibc 2.35 NPTL 2.35 
rlimit (soft/hard): STACK 8192k/infinity , CORE infinity/infinity , NPROC infinity/infinity , NOFILE 5242/5242 , AS infinity/infinity , CPU infinity/infinity , DATA infinity/infinity , FSIZE infinity/infinity , MEMLOCK 64k/64k
load average: 15.86 16.96 16.92

/proc/meminfo:
MemTotal:       65852712 kB
MemFree:         6147384 kB
MemAvailable:   30861944 kB
Buffers:         2988116 kB
Cached:         20221304 kB
SwapCached:            0 kB
Active:         11437756 kB
Inactive:       42794280 kB
Active(anon):      16600 kB
Inactive(anon): 30840424 kB
Active(file):   11421156 kB
Inactive(file): 11953856 kB
Unevictable:       43128 kB
Mlocked:           43128 kB
SwapTotal:             0 kB
SwapFree:              0 kB
Dirty:              6496 kB
Writeback:             0 kB
AnonPages:      28546204 kB
Mapped:          1794044 kB
Shmem:             30792 kB
KReclaimable:    2066148 kB
Slab:            4369720 kB
SReclaimable:    2066148 kB
SUnreclaim:      2303572 kB
KernelStack:      412084 kB
PageTables:       194692 kB
NFS_Unstable:          0 kB
Bounce:                0 kB
WritebackTmp:          0 kB
CommitLimit:    32926356 kB
Committed_AS:   84400400 kB
VmallocTotal:   34359738367 kB
VmallocUsed:      465344 kB
VmallocChunk:          0 kB
Percpu:            86816 kB
HardwareCorrupted:     0 kB
AnonHugePages:   9859072 kB
ShmemHugePages:        0 kB
ShmemPmdMapped:        0 kB
FileHugePages:         0 kB
FilePmdMapped:         0 kB
HugePages_Total:       0
HugePages_Free:        0
HugePages_Rsvd:        0
HugePages_Surp:        0
Hugepagesize:       2048 kB
Hugetlb:               0 kB
DirectMap4k:     5927744 kB
DirectMap2M:    55934976 kB
DirectMap1G:     7340032 kB

/sys/kernel/mm/transparent_hugepage/enabled: always [madvise] never
/sys/kernel/mm/transparent_hugepage/defrag (defrag/compaction efforts parameter): always defer defer+madvise [madvise] never

Process Memory:
Virtual Size: 4788316K (peak: 4869952K)
Resident Set Size: 750352K (peak: 815860K) (anon: 556544K, file: 193808K, shmem: 0K)
Swapped out: 0K
C-Heap outstanding allocations: 43988K, retained: 17407K
glibc malloc tunables: (default)

/proc/sys/kernel/threads-max (system-wide limit on the number of threads): 514406
/proc/sys/vm/max_map_count (maximum number of memory map areas a process may have): 65530
/proc/sys/kernel/pid_max (system-wide limit on number of process identifiers): 4194304

container (cgroup) information:
container_type: cgroupv1
cpu_cpuset_cpus: 2-7
cpu_memory_nodes: 0
active_processor_count: 1
cpu_quota: 50000
cpu_period: 100000
cpu_shares: 512
memory_limit_in_bytes: 1048576 k
memory_and_swap_limit_in_bytes: 1048576 k
memory_soft_limit_in_bytes: 524288 k
memory_usage_in_bytes: 602656 k
memory_max_usage_in_bytes: 663992 k
maximum number of tasks: 1000
current number of tasks: 48

KVM virtualization detected
Steal ticks since vm start: 0
Steal ticks percentage since vm start:  0.000

CPU: total 8 (initial active 1) (8 cores per cpu, 2 threads per core) family 23 model 49 stepping 0 microcode 0xffffffff, cx8, cmov, fxsr, ht, mmx, 3dnowpref, sse, sse2, sse3, ssse3, sse4a, sse4.1, sse4.2, popcnt, lzcnt, tsc, tscinvbit, avx, avx2, aes, clmul, bmi1, bmi2, adx, sha, fma, vzeroupper, clflush, clflushopt, hv
CPU Model and flags from /proc/cpuinfo:
model name	: AMD EPYC 7B12
flags		: fpu vme de pse tsc msr pae mce cx8 apic sep mtrr pge mca cmov pat pse36 clflush mmx fxsr sse sse2 ht syscall nx mmxext fxsr_opt pdpe1gb rdtscp lm constant_tsc rep_good nopl nonstop_tsc cpuid extd_apicid tsc_known_freq pni pclmulqdq ssse3 fma cx16 sse4_1 sse4_2 movbe popcnt aes xsave avx f16c rdrand hypervisor lahf_lm cmp_legacy cr8_legacy abm sse4a misalignsse 3dnowprefetch osvw topoext ssbd ibrs ibpb stibp vmmcall fsgsbase tsc_adjust bmi1 avx2 smep bmi2 rdseed adx smap clflushopt clwb sha_ni xsaveopt xsavec xgetbv1 clzero xsaveerptr arat npt nrip_save umip rdpid

Online cpus: 0-7
Offline cpus: 
BIOS frequency limitation: <Not Available>
Frequency switch latency (ns): <Not Available>
Available cpu frequencies: <Not Available>
Current governor: <Not Available>
Core performance/turbo boost: <Not Available>

Memory: 4k page, physical 1048576k(445904k free), swap 0k(0k free)
Page Sizes: 4k

vm_info: OpenJDK 64-Bit Server VM (17.0.5+8-jvmci-22.3-b08) for linux-amd64 JRE (17.0.5+8-jvmci-22.3-b08), built on Oct 19 2022 09:01:27 by "buildslave" with gcc 10.3.0

END.
